<?xml version="1.0" encoding="UTF-8"?>
<testsuite xmlns:xsi="http://www.w3.org/2001/XMLSchema-instance" xsi:noNamespaceSchemaLocation="https://maven.apache.org/surefire/maven-surefire-plugin/xsd/surefire-test-report.xsd" name="com.manifesting.fileConvertor.FileConvertorApplicationTests" time="14.192" tests="1" errors="1" skipped="0" failures="0">
  <properties>
[...]
</properties>
  <testcase name="contextLoads" classname="com.manifesting.fileConvertor.FileConvertorApplicationTests" time="0.002">
    <error message="Failed to load ApplicationContext" type="java.lang.IllegalStateException">java.lang.IllegalStateException: Failed to load ApplicationContext
Caused by: java.lang.IllegalStateException: Failed to execute CommandLineRunner
Caused by: org.json.JSONException: A JSONObject text must begin with '{' at 1 [character 2 line 1]
</error>
    <system-out><![CDATA[01:45:14.235 [main] DEBUG org.springframework.test.context.BootstrapUtils - Instantiating CacheAwareContextLoaderDelegate from class [org.springframework.test.context.cache.DefaultCacheAwareContextLoaderDelegate]
01:45:14.262 [main] DEBUG org.springframework.test.context.BootstrapUtils - Instantiating BootstrapContext using constructor [public org.springframework.test.context.support.DefaultBootstrapContext(java.lang.Class,org.springframework.test.context.CacheAwareContextLoaderDelegate)]
01:45:14.321 [main] DEBUG org.springframework.test.context.BootstrapUtils - Instantiating TestContextBootstrapper for test class [com.manifesting.fileConvertor.FileConvertorApplicationTests] from class [org.springframework.boot.test.context.SpringBootTestContextBootstrapper]
01:45:14.364 [main] INFO org.springframework.boot.test.context.SpringBootTestContextBootstrapper - Neither @ContextConfiguration nor @ContextHierarchy found for test class [com.manifesting.fileConvertor.FileConvertorApplicationTests], using SpringBootContextLoader
01:45:14.371 [main] DEBUG org.springframework.test.context.support.AbstractContextLoader - Did not detect default resource location for test class [com.manifesting.fileConvertor.FileConvertorApplicationTests]: class path resource [com/manifesting/fileConvertor/FileConvertorApplicationTests-context.xml] does not exist
01:45:14.372 [main] DEBUG org.springframework.test.context.support.AbstractContextLoader - Did not detect default resource location for test class [com.manifesting.fileConvertor.FileConvertorApplicationTests]: class path resource [com/manifesting/fileConvertor/FileConvertorApplicationTestsContext.groovy] does not exist
01:45:14.373 [main] INFO org.springframework.test.context.support.AbstractContextLoader - Could not detect default resource locations for test class [com.manifesting.fileConvertor.FileConvertorApplicationTests]: no resource found for suffixes {-context.xml, Context.groovy}.
01:45:14.376 [main] INFO org.springframework.test.context.support.AnnotationConfigContextLoaderUtils - Could not detect default configuration classes for test class [com.manifesting.fileConvertor.FileConvertorApplicationTests]: FileConvertorApplicationTests does not declare any static, non-private, non-final, nested classes annotated with @Configuration.
01:45:14.466 [main] DEBUG org.springframework.test.context.support.ActiveProfilesUtils - Could not find an 'annotation declaring class' for annotation type [org.springframework.test.context.ActiveProfiles] and class [com.manifesting.fileConvertor.FileConvertorApplicationTests]
01:45:14.611 [main] DEBUG org.springframework.context.annotation.ClassPathScanningCandidateComponentProvider - Identified candidate component class: file [C:\Users\Nikhil\Desktop\Project\fileConvertor\target\classes\com\manifesting\fileConvertor\FileConvertorApplication.class]
01:45:14.627 [main] INFO org.springframework.boot.test.context.SpringBootTestContextBootstrapper - Found @SpringBootConfiguration com.manifesting.fileConvertor.FileConvertorApplication for test class com.manifesting.fileConvertor.FileConvertorApplicationTests
01:45:14.906 [main] DEBUG org.springframework.boot.test.context.SpringBootTestContextBootstrapper - @TestExecutionListeners is not present for class [com.manifesting.fileConvertor.FileConvertorApplicationTests]: using defaults.
01:45:14.908 [main] INFO org.springframework.boot.test.context.SpringBootTestContextBootstrapper - Loaded default TestExecutionListener class names from location [META-INF/spring.factories]: [org.springframework.boot.test.mock.mockito.MockitoTestExecutionListener, org.springframework.boot.test.mock.mockito.ResetMocksTestExecutionListener, org.springframework.boot.test.autoconfigure.restdocs.RestDocsTestExecutionListener, org.springframework.boot.test.autoconfigure.web.client.MockRestServiceServerResetTestExecutionListener, org.springframework.boot.test.autoconfigure.web.servlet.MockMvcPrintOnlyOnFailureTestExecutionListener, org.springframework.boot.test.autoconfigure.web.servlet.WebDriverTestExecutionListener, org.springframework.test.context.web.ServletTestExecutionListener, org.springframework.test.context.support.DirtiesContextBeforeModesTestExecutionListener, org.springframework.test.context.support.DependencyInjectionTestExecutionListener, org.springframework.test.context.support.DirtiesContextTestExecutionListener, org.springframework.test.context.transaction.TransactionalTestExecutionListener, org.springframework.test.context.jdbc.SqlScriptsTestExecutionListener, org.springframework.test.context.event.EventPublishingTestExecutionListener]
01:45:14.970 [main] INFO org.springframework.boot.test.context.SpringBootTestContextBootstrapper - Using TestExecutionListeners: [org.springframework.test.context.web.ServletTestExecutionListener@6c1a5b54, org.springframework.test.context.support.DirtiesContextBeforeModesTestExecutionListener@1c7696c6, org.springframework.boot.test.mock.mockito.MockitoTestExecutionListener@60099951, org.springframework.boot.test.autoconfigure.SpringBootDependencyInjectionTestExecutionListener@20140db9, org.springframework.test.context.support.DirtiesContextTestExecutionListener@1e6a3214, org.springframework.test.context.transaction.TransactionalTestExecutionListener@368247b9, org.springframework.test.context.jdbc.SqlScriptsTestExecutionListener@1a6d8329, org.springframework.test.context.event.EventPublishingTestExecutionListener@1a942c18, org.springframework.boot.test.mock.mockito.ResetMocksTestExecutionListener@55a147cc, org.springframework.boot.test.autoconfigure.restdocs.RestDocsTestExecutionListener@71ba6d4e, org.springframework.boot.test.autoconfigure.web.client.MockRestServiceServerResetTestExecutionListener@738dc9b, org.springframework.boot.test.autoconfigure.web.servlet.MockMvcPrintOnlyOnFailureTestExecutionListener@3c77d488, org.springframework.boot.test.autoconfigure.web.servlet.WebDriverTestExecutionListener@63376bed]
01:45:14.990 [main] DEBUG org.springframework.test.context.support.AbstractDirtiesContextTestExecutionListener - Before test class: context [DefaultTestContext@7526515b testClass = FileConvertorApplicationTests, testInstance = [null], testMethod = [null], testException = [null], mergedContextConfiguration = [WebMergedContextConfiguration@1ed4ae0f testClass = FileConvertorApplicationTests, locations = '{}', classes = '{class com.manifesting.fileConvertor.FileConvertorApplication}', contextInitializerClasses = '[]', activeProfiles = '{}', propertySourceLocations = '{}', propertySourceProperties = '{org.springframework.boot.test.context.SpringBootTestContextBootstrapper=true}', contextCustomizers = set[org.springframework.boot.test.context.filter.ExcludeFilterContextCustomizer@2145b572, org.springframework.boot.test.json.DuplicateJsonObjectContextCustomizerFactory$DuplicateJsonObjectContextCustomizer@3daa422a, org.springframework.boot.test.mock.mockito.MockitoContextCustomizer@0, org.springframework.boot.test.web.client.TestRestTemplateContextCustomizer@20deea7f, org.springframework.boot.test.autoconfigure.properties.PropertyMappingContextCustomizer@0, org.springframework.boot.test.autoconfigure.web.servlet.WebDriverContextCustomizerFactory$Customizer@52e6fdee, org.springframework.boot.test.context.SpringBootTestArgs@1], resourceBasePath = 'src/main/webapp', contextLoader = 'org.springframework.boot.test.context.SpringBootContextLoader', parent = [null]], attributes = map['org.springframework.test.context.web.ServletTestExecutionListener.activateListener' -> true]], class annotated with @DirtiesContext [false] with mode [null].
01:45:15.084 [main] DEBUG org.springframework.test.context.support.TestPropertySourceUtils - Adding inlined properties to environment: {spring.jmx.enabled=false, org.springframework.boot.test.context.SpringBootTestContextBootstrapper=true, server.port=-1}

  .   ____          _            __ _ _
 /\\ / ___'_ __ _ _(_)_ __  __ _ \ \ \ \
( ( )\___ | '_ | '_| | '_ \/ _` | \ \ \ \
 \\/  ___)| |_)| | | | | || (_| |  ) ) ) )
  '  |____| .__|_| |_|_| |_\__, | / / / /
 =========|_|==============|___/=/_/_/_/
 :: Spring Boot ::        (v2.2.7.RELEASE)

2020-06-13 01:45:15.678  WARN 11956 --- [           main] ory$DuplicateJsonObjectContextCustomizer : 

Found multiple occurrences of org.json.JSONObject on the class path:

	jar:file:/C:/Users/Nikhil/.m2/repository/org/json/json/20200518/json-20200518.jar!/org/json/JSONObject.class
	jar:file:/C:/Users/Nikhil/.m2/repository/com/vaadin/external/google/android-json/0.0.20131108.vaadin1/android-json-0.0.20131108.vaadin1.jar!/org/json/JSONObject.class

You may wish to exclude one of them to ensure predictable runtime behavior

2020-06-13 01:45:15.705  INFO 11956 --- [           main] c.m.f.FileConvertorApplicationTests      : Starting FileConvertorApplicationTests on LAPTOP-2BGS160T with PID 11956 (started by Nikhil in C:\Users\Nikhil\Desktop\Project\fileConvertor)
2020-06-13 01:45:15.706  INFO 11956 --- [           main] c.m.f.FileConvertorApplicationTests      : No active profile set, falling back to default profiles: default
2020-06-13 01:45:17.312  INFO 11956 --- [           main] .s.d.r.c.RepositoryConfigurationDelegate : Bootstrapping Spring Data JPA repositories in DEFAULT mode.
2020-06-13 01:45:17.490  INFO 11956 --- [           main] .s.d.r.c.RepositoryConfigurationDelegate : Finished Spring Data repository scanning in 152ms. Found 3 JPA repository interfaces.
2020-06-13 01:45:18.931  INFO 11956 --- [           main] o.hibernate.jpa.internal.util.LogHelper  : HHH000204: Processing PersistenceUnitInfo [name: default]
2020-06-13 01:45:19.021  INFO 11956 --- [           main] org.hibernate.Version                    : HHH000412: Hibernate ORM core version 5.4.15.Final
2020-06-13 01:45:19.339  INFO 11956 --- [           main] o.hibernate.annotations.common.Version   : HCANN000001: Hibernate Commons Annotations {5.1.0.Final}
2020-06-13 01:45:19.853  INFO 11956 --- [           main] com.zaxxer.hikari.HikariDataSource       : HikariPool-1 - Starting...
2020-06-13 01:45:20.853  INFO 11956 --- [           main] com.zaxxer.hikari.HikariDataSource       : HikariPool-1 - Start completed.
2020-06-13 01:45:20.898  INFO 11956 --- [           main] org.hibernate.dialect.Dialect            : HHH000400: Using dialect: org.hibernate.dialect.MySQL8Dialect
2020-06-13 01:45:22.472  INFO 11956 --- [           main] o.h.e.t.j.p.i.JtaPlatformInitiator       : HHH000490: Using JtaPlatform implementation: [org.hibernate.engine.transaction.jta.platform.internal.NoJtaPlatform]
2020-06-13 01:45:22.482  INFO 11956 --- [           main] j.LocalContainerEntityManagerFactoryBean : Initialized JPA EntityManagerFactory for persistence unit 'default'
2020-06-13 01:45:24.123  WARN 11956 --- [           main] JpaBaseConfiguration$JpaWebConfiguration : spring.jpa.open-in-view is enabled by default. Therefore, database queries may be performed during view rendering. Explicitly configure spring.jpa.open-in-view to disable this warning
2020-06-13 01:45:25.026  INFO 11956 --- [           main] o.s.s.concurrent.ThreadPoolTaskExecutor  : Initializing ExecutorService 'applicationTaskExecutor'
2020-06-13 01:45:25.853  INFO 11956 --- [           main] c.m.f.FileConvertorApplicationTests      : Started FileConvertorApplicationTests in 10.728 seconds (JVM running for 13.265)
[{}, {}]
[root, shipmentDetail]
[{}, {}, {}]
[root, shipmentDetail, consigneeAddress]
[{}, {}, {}, {}]
[root, shipmentDetail, consigneeAddress, name]
[{}, {}, {}, {name=ajay}]
[root, shipmentDetail, consigneeAddress, name]
[{}, {}, {consigneeAddress={name=ajay}}]
[root, shipmentDetail, consigneeAddress]
[{}, {}, {consigneeAddress={name=ajay}}, {}]
[root, shipmentDetail, consigneeAddress, city]
[{}, {}, {consigneeAddress={name=ajay}}, {city=Satara}]
[root, shipmentDetail, consigneeAddress, city]
[{}, {}, {consigneeAddress={city=Satara, name=ajay}}]
[root, shipmentDetail, consigneeAddress]
[{}, {}, {consigneeAddress={city=Satara, name=ajay}}, {}]
[root, shipmentDetail, consigneeAddress, zip]
[{}, {}, {consigneeAddress={city=Satara, name=ajay}}, {zip=450540}]
[root, shipmentDetail, consigneeAddress, zip]
[{}, {}, {consigneeAddress={zip=450540, city=Satara, name=ajay}}]
[root, shipmentDetail, consigneeAddress]
[{}, {}, {consigneeAddress={zip=450540, city=Satara, name=ajay}}, {}]
[root, shipmentDetail, consigneeAddress, countryCode]
[{}, {}, {consigneeAddress={zip=450540, city=Satara, name=ajay}}, {countryCode=IN}]
[root, shipmentDetail, consigneeAddress, countryCode]
[{}, {}, {consigneeAddress={zip=450540, city=Satara, countryCode=IN, name=ajay}}]
[root, shipmentDetail, consigneeAddress]
2020-06-13 01:45:26.288  INFO 11956 --- [           main] c.m.f.Aggregator.TagAggregator           : The method was not found
[{}, {}, {consigneeAddress={zip=450540, city=Satara, countryCode=IN, name=ajay}}, {}]
[root, shipmentDetail, consigneeAddress, ELSElength]
[{}, {}, {consigneeAddress={zip=450540, city=Satara, countryCode=IN, name=ajay}}, {ELSElength=100}]
[root, shipmentDetail, consigneeAddress, ELSElength]
[{}, {}, {consigneeAddress={zip=450540, city=Satara, ELSElength=100, countryCode=IN, name=ajay}}]
[root, shipmentDetail, consigneeAddress]
[{}, {}, {consigneeAddress={zip=450540, city=Satara, ELSElength=100, countryCode=IN, name=ajay}}, {}]
[root, shipmentDetail, consigneeAddress, countryName]
[{}, {}, {consigneeAddress={zip=450540, city=Satara, ELSElength=100, countryCode=IN, name=ajay}}, {countryName=India}]
[root, shipmentDetail, consigneeAddress, countryName]
[{}, {}, {consigneeAddress={zip=450540, city=Satara, ELSElength=100, countryCode=IN, name=ajay, countryName=India}}]
[root, shipmentDetail, consigneeAddress]
[{}, {}, {consigneeAddress={zip=450540, city=Satara, ELSElength=100, countryCode=IN, name=ajay, countryName=India}}, {}]
[root, shipmentDetail, consigneeAddress, contactPhone]
[{}, {}, {consigneeAddress={zip=450540, city=Satara, ELSElength=100, countryCode=IN, name=ajay, countryName=India}}, {contactPhone=987655651}]
[root, shipmentDetail, consigneeAddress, contactPhone]
[{}, {}, {consigneeAddress={zip=450540, city=Satara, ELSElength=100, countryCode=IN, name=ajay, countryName=India, contactPhone=987655651}}]
[root, shipmentDetail, consigneeAddress]
[{}, {shipmentDetail={consigneeAddress={zip=450540, city=Satara, ELSElength=100, countryCode=IN, name=ajay, countryName=India, contactPhone=987655651}}}]
[root, shipmentDetail]
[{}, {shipmentDetail={consigneeAddress={zip=450540, city=Satara, ELSElength=100, countryCode=IN, name=ajay, countryName=India, contactPhone=987655651}}}, {}]
[root, shipmentDetail, shipmentPackageInfo]
[{}, {shipmentDetail={consigneeAddress={zip=450540, city=Satara, ELSElength=100, countryCode=IN, name=ajay, countryName=India, contactPhone=987655651}}}, {}, {}]
[root, shipmentDetail, shipmentPackageInfo, cartonID]
[{}, {shipmentDetail={consigneeAddress={zip=450540, city=Satara, ELSElength=100, countryCode=IN, name=ajay, countryName=India, contactPhone=987655651}}}, {}, {}, {}]
[root, shipmentDetail, shipmentPackageInfo, cartonID, trackingID]
2020-06-13 01:45:26.358  INFO 11956 --- [           main] c.m.f.Aggregator.TagAggregator           : The method was not found
[{}, {shipmentDetail={consigneeAddress={zip=450540, city=Satara, ELSElength=100, countryCode=IN, name=ajay, countryName=India, contactPhone=987655651}}}, {}, {}, {trackingID=}]
[root, shipmentDetail, shipmentPackageInfo, cartonID, trackingID]
[{}, {shipmentDetail={consigneeAddress={zip=450540, city=Satara, ELSElength=100, countryCode=IN, name=ajay, countryName=India, contactPhone=987655651}}}, {}, {cartonID={trackingID=}}]
[root, shipmentDetail, shipmentPackageInfo, cartonID]
[{}, {shipmentDetail={consigneeAddress={zip=450540, city=Satara, ELSElength=100, countryCode=IN, name=ajay, countryName=India, contactPhone=987655651}}}, {shipmentPackageInfo={cartonID={trackingID=}}}]
[root, shipmentDetail, shipmentPackageInfo]
[{}, {shipmentDetail={consigneeAddress={zip=450540, city=Satara, ELSElength=100, countryCode=IN, name=ajay, countryName=India, contactPhone=987655651}}}, {shipmentPackageInfo={cartonID={trackingID=}}}, {}]
[root, shipmentDetail, shipmentPackageInfo, shipmentPackageDimensions]
[{}, {shipmentDetail={consigneeAddress={zip=450540, city=Satara, ELSElength=100, countryCode=IN, name=ajay, countryName=India, contactPhone=987655651}}}, {shipmentPackageInfo={cartonID={trackingID=}}}, {}, {}]
[root, shipmentDetail, shipmentPackageInfo, shipmentPackageDimensions, lengthValue]
[{}, {shipmentDetail={consigneeAddress={zip=450540, city=Satara, ELSElength=100, countryCode=IN, name=ajay, countryName=India, contactPhone=987655651}}}, {shipmentPackageInfo={cartonID={trackingID=}}}, {}, {lengthValue=100}]
[root, shipmentDetail, shipmentPackageInfo, shipmentPackageDimensions, lengthValue]
[{}, {shipmentDetail={consigneeAddress={zip=450540, city=Satara, ELSElength=100, countryCode=IN, name=ajay, countryName=India, contactPhone=987655651}}}, {shipmentPackageInfo={cartonID={trackingID=}}}, {shipmentPackageDimensions={lengthValue=100}}]
[root, shipmentDetail, shipmentPackageInfo, shipmentPackageDimensions]
[{}, {shipmentDetail={consigneeAddress={zip=450540, city=Satara, ELSElength=100, countryCode=IN, name=ajay, countryName=India, contactPhone=987655651}}}, {shipmentPackageInfo={cartonID={trackingID=}}}, {shipmentPackageDimensions={lengthValue=100}}, {}]
[root, shipmentDetail, shipmentPackageInfo, shipmentPackageDimensions, heightValue]
[{}, {shipmentDetail={consigneeAddress={zip=450540, city=Satara, ELSElength=100, countryCode=IN, name=ajay, countryName=India, contactPhone=987655651}}}, {shipmentPackageInfo={cartonID={trackingID=}}}, {shipmentPackageDimensions={lengthValue=100}}, {heightValue=109}]
[root, shipmentDetail, shipmentPackageInfo, shipmentPackageDimensions, heightValue]
[{}, {shipmentDetail={consigneeAddress={zip=450540, city=Satara, ELSElength=100, countryCode=IN, name=ajay, countryName=India, contactPhone=987655651}}}, {shipmentPackageInfo={cartonID={trackingID=}}}, {shipmentPackageDimensions={lengthValue=100, heightValue=109}}]
[root, shipmentDetail, shipmentPackageInfo, shipmentPackageDimensions]
[{}, {shipmentDetail={consigneeAddress={zip=450540, city=Satara, ELSElength=100, countryCode=IN, name=ajay, countryName=India, contactPhone=987655651}}}, {shipmentPackageInfo={shipmentPackageDimensions={lengthValue=100, heightValue=109}, cartonID={trackingID=}}}]
[root, shipmentDetail, shipmentPackageInfo]
[{}, {shipmentDetail={consigneeAddress={zip=450540, city=Satara, ELSElength=100, countryCode=IN, name=ajay, countryName=India, contactPhone=987655651}, shipmentPackageInfo={shipmentPackageDimensions={lengthValue=100, heightValue=109}, cartonID={trackingID=}}}}]
[root, shipmentDetail]
[{root={shipmentDetail={consigneeAddress={zip=450540, city=Satara, ELSElength=100, countryCode=IN, name=ajay, countryName=India, contactPhone=987655651}, shipmentPackageInfo={shipmentPackageDimensions={lengthValue=100, heightValue=109}, cartonID={trackingID=}}}}}]
[root]
[{}, {}]
[root, root, shipmentDetail]
[{}, {}, {}]
[root, root, shipmentDetail, consigneeAddress]
[{}, {}, {}, {}]
[root, root, shipmentDetail, consigneeAddress, name]
[{}, {}, {}, {name=Nikhil}]
[root, root, shipmentDetail, consigneeAddress, name]
[{}, {}, {consigneeAddress={name=Nikhil}}]
[root, root, shipmentDetail, consigneeAddress]
[{}, {}, {consigneeAddress={name=Nikhil}}, {}]
[root, root, shipmentDetail, consigneeAddress, city]
[{}, {}, {consigneeAddress={name=Nikhil}}, {city=Satna}]
[root, root, shipmentDetail, consigneeAddress, city]
[{}, {}, {consigneeAddress={city=Satna, name=Nikhil}}]
[root, root, shipmentDetail, consigneeAddress]
[{}, {}, {consigneeAddress={city=Satna, name=Nikhil}}, {}]
[root, root, shipmentDetail, consigneeAddress, zip]
[{}, {}, {consigneeAddress={city=Satna, name=Nikhil}}, {zip=450000}]
[root, root, shipmentDetail, consigneeAddress, zip]
[{}, {}, {consigneeAddress={zip=450000, city=Satna, name=Nikhil}}]
[root, root, shipmentDetail, consigneeAddress]
[{}, {}, {consigneeAddress={zip=450000, city=Satna, name=Nikhil}}, {}]
[root, root, shipmentDetail, consigneeAddress, countryCode]
[{}, {}, {consigneeAddress={zip=450000, city=Satna, name=Nikhil}}, {countryCode=IN}]
[root, root, shipmentDetail, consigneeAddress, countryCode]
[{}, {}, {consigneeAddress={zip=450000, city=Satna, countryCode=IN, name=Nikhil}}]
[root, root, shipmentDetail, consigneeAddress]
[{}, {}, {consigneeAddress={zip=450000, city=Satna, countryCode=IN, name=Nikhil}}, {}]
[root, root, shipmentDetail, consigneeAddress, ELSElength]
[{}, {}, {consigneeAddress={zip=450000, city=Satna, countryCode=IN, name=Nikhil}}, {ELSElength=10}]
[root, root, shipmentDetail, consigneeAddress, ELSElength]
[{}, {}, {consigneeAddress={zip=450000, city=Satna, ELSElength=10, countryCode=IN, name=Nikhil}}]
[root, root, shipmentDetail, consigneeAddress]
[{}, {}, {consigneeAddress={zip=450000, city=Satna, ELSElength=10, countryCode=IN, name=Nikhil}}, {}]
[root, root, shipmentDetail, consigneeAddress, countryName]
[{}, {}, {consigneeAddress={zip=450000, city=Satna, ELSElength=10, countryCode=IN, name=Nikhil}}, {countryName=India}]
[root, root, shipmentDetail, consigneeAddress, countryName]
[{}, {}, {consigneeAddress={zip=450000, city=Satna, ELSElength=10, countryCode=IN, name=Nikhil, countryName=India}}]
[root, root, shipmentDetail, consigneeAddress]
[{}, {}, {consigneeAddress={zip=450000, city=Satna, ELSElength=10, countryCode=IN, name=Nikhil, countryName=India}}, {}]
[root, root, shipmentDetail, consigneeAddress, contactPhone]
[{}, {}, {consigneeAddress={zip=450000, city=Satna, ELSElength=10, countryCode=IN, name=Nikhil, countryName=India}}, {contactPhone=987654321}]
[root, root, shipmentDetail, consigneeAddress, contactPhone]
[{}, {}, {consigneeAddress={zip=450000, city=Satna, ELSElength=10, countryCode=IN, name=Nikhil, countryName=India, contactPhone=987654321}}]
[root, root, shipmentDetail, consigneeAddress]
[{}, {shipmentDetail={consigneeAddress={zip=450000, city=Satna, ELSElength=10, countryCode=IN, name=Nikhil, countryName=India, contactPhone=987654321}}}]
[root, root, shipmentDetail]
[{}, {shipmentDetail={consigneeAddress={zip=450000, city=Satna, ELSElength=10, countryCode=IN, name=Nikhil, countryName=India, contactPhone=987654321}}}, {}]
[root, root, shipmentDetail, shipmentPackageInfo]
[{}, {shipmentDetail={consigneeAddress={zip=450000, city=Satna, ELSElength=10, countryCode=IN, name=Nikhil, countryName=India, contactPhone=987654321}}}, {}, {}]
[root, root, shipmentDetail, shipmentPackageInfo, cartonID]
[{}, {shipmentDetail={consigneeAddress={zip=450000, city=Satna, ELSElength=10, countryCode=IN, name=Nikhil, countryName=India, contactPhone=987654321}}}, {}, {}, {}]
[root, root, shipmentDetail, shipmentPackageInfo, cartonID, trackingID]
2020-06-13 01:45:26.589  INFO 11956 --- [           main] c.m.f.Aggregator.TagAggregator           : The method was not found
[{}, {shipmentDetail={consigneeAddress={zip=450000, city=Satna, ELSElength=10, countryCode=IN, name=Nikhil, countryName=India, contactPhone=987654321}}}, {}, {}, {trackingID=}]
[root, root, shipmentDetail, shipmentPackageInfo, cartonID, trackingID]
[{}, {shipmentDetail={consigneeAddress={zip=450000, city=Satna, ELSElength=10, countryCode=IN, name=Nikhil, countryName=India, contactPhone=987654321}}}, {}, {cartonID={trackingID=}}]
[root, root, shipmentDetail, shipmentPackageInfo, cartonID]
[{}, {shipmentDetail={consigneeAddress={zip=450000, city=Satna, ELSElength=10, countryCode=IN, name=Nikhil, countryName=India, contactPhone=987654321}}}, {shipmentPackageInfo={cartonID={trackingID=}}}]
[root, root, shipmentDetail, shipmentPackageInfo]
[{}, {shipmentDetail={consigneeAddress={zip=450000, city=Satna, ELSElength=10, countryCode=IN, name=Nikhil, countryName=India, contactPhone=987654321}}}, {shipmentPackageInfo={cartonID={trackingID=}}}, {}]
[root, root, shipmentDetail, shipmentPackageInfo, shipmentPackageDimensions]
[{}, {shipmentDetail={consigneeAddress={zip=450000, city=Satna, ELSElength=10, countryCode=IN, name=Nikhil, countryName=India, contactPhone=987654321}}}, {shipmentPackageInfo={cartonID={trackingID=}}}, {}, {}]
[root, root, shipmentDetail, shipmentPackageInfo, shipmentPackageDimensions, lengthValue]
[{}, {shipmentDetail={consigneeAddress={zip=450000, city=Satna, ELSElength=10, countryCode=IN, name=Nikhil, countryName=India, contactPhone=987654321}}}, {shipmentPackageInfo={cartonID={trackingID=}}}, {}, {lengthValue=10}]
[root, root, shipmentDetail, shipmentPackageInfo, shipmentPackageDimensions, lengthValue]
[{}, {shipmentDetail={consigneeAddress={zip=450000, city=Satna, ELSElength=10, countryCode=IN, name=Nikhil, countryName=India, contactPhone=987654321}}}, {shipmentPackageInfo={cartonID={trackingID=}}}, {shipmentPackageDimensions={lengthValue=10}}]
[root, root, shipmentDetail, shipmentPackageInfo, shipmentPackageDimensions]
[{}, {shipmentDetail={consigneeAddress={zip=450000, city=Satna, ELSElength=10, countryCode=IN, name=Nikhil, countryName=India, contactPhone=987654321}}}, {shipmentPackageInfo={cartonID={trackingID=}}}, {shipmentPackageDimensions={lengthValue=10}}, {}]
[root, root, shipmentDetail, shipmentPackageInfo, shipmentPackageDimensions, heightValue]
[{}, {shipmentDetail={consigneeAddress={zip=450000, city=Satna, ELSElength=10, countryCode=IN, name=Nikhil, countryName=India, contactPhone=987654321}}}, {shipmentPackageInfo={cartonID={trackingID=}}}, {shipmentPackageDimensions={lengthValue=10}}, {heightValue=10}]
[root, root, shipmentDetail, shipmentPackageInfo, shipmentPackageDimensions, heightValue]
[{}, {shipmentDetail={consigneeAddress={zip=450000, city=Satna, ELSElength=10, countryCode=IN, name=Nikhil, countryName=India, contactPhone=987654321}}}, {shipmentPackageInfo={cartonID={trackingID=}}}, {shipmentPackageDimensions={lengthValue=10, heightValue=10}}]
[root, root, shipmentDetail, shipmentPackageInfo, shipmentPackageDimensions]
[{}, {shipmentDetail={consigneeAddress={zip=450000, city=Satna, ELSElength=10, countryCode=IN, name=Nikhil, countryName=India, contactPhone=987654321}}}, {shipmentPackageInfo={shipmentPackageDimensions={lengthValue=10, heightValue=10}, cartonID={trackingID=}}}]
[root, root, shipmentDetail, shipmentPackageInfo]
[{}, {shipmentDetail={consigneeAddress={zip=450000, city=Satna, ELSElength=10, countryCode=IN, name=Nikhil, countryName=India, contactPhone=987654321}, shipmentPackageInfo={shipmentPackageDimensions={lengthValue=10, heightValue=10}, cartonID={trackingID=}}}}]
[root, root, shipmentDetail]
[{root={shipmentDetail={consigneeAddress={zip=450000, city=Satna, ELSElength=10, countryCode=IN, name=Nikhil, countryName=India, contactPhone=987654321}, shipmentPackageInfo={shipmentPackageDimensions={lengthValue=10, heightValue=10}, cartonID={trackingID=}}}}}]
[root, root]
[{}, {}]
[root, root, root, shipmentDetail]
[{}, {}, {}]
[root, root, root, shipmentDetail, consigneeAddress]
[{}, {}, {}, {}]
[root, root, root, shipmentDetail, consigneeAddress, name]
[{}, {}, {}, {name=ayan}]
[root, root, root, shipmentDetail, consigneeAddress, name]
[{}, {}, {consigneeAddress={name=ayan}}]
[root, root, root, shipmentDetail, consigneeAddress]
[{}, {}, {consigneeAddress={name=ayan}}, {}]
[root, root, root, shipmentDetail, consigneeAddress, city]
[{}, {}, {consigneeAddress={name=ayan}}, {city=Sal}]
[root, root, root, shipmentDetail, consigneeAddress, city]
[{}, {}, {consigneeAddress={city=Sal, name=ayan}}]
[root, root, root, shipmentDetail, consigneeAddress]
[{}, {}, {consigneeAddress={city=Sal, name=ayan}}, {}]
[root, root, root, shipmentDetail, consigneeAddress, zip]
[{}, {}, {consigneeAddress={city=Sal, name=ayan}}, {zip=450580}]
[root, root, root, shipmentDetail, consigneeAddress, zip]
[{}, {}, {consigneeAddress={zip=450580, city=Sal, name=ayan}}]
[root, root, root, shipmentDetail, consigneeAddress]
[{}, {}, {consigneeAddress={zip=450580, city=Sal, name=ayan}}, {}]
[root, root, root, shipmentDetail, consigneeAddress, countryCode]
[{}, {}, {consigneeAddress={zip=450580, city=Sal, name=ayan}}, {countryCode=IN}]
[root, root, root, shipmentDetail, consigneeAddress, countryCode]
[{}, {}, {consigneeAddress={zip=450580, city=Sal, countryCode=IN, name=ayan}}]
[root, root, root, shipmentDetail, consigneeAddress]
2020-06-13 01:45:26.674  INFO 11956 --- [           main] c.m.f.Aggregator.TagAggregator           : The method was not found
[{}, {}, {consigneeAddress={zip=450580, city=Sal, countryCode=IN, name=ayan}}, {}]
[root, root, root, shipmentDetail, consigneeAddress, ELSElength]
[{}, {}, {consigneeAddress={zip=450580, city=Sal, countryCode=IN, name=ayan}}, {ELSElength=105}]
[root, root, root, shipmentDetail, consigneeAddress, ELSElength]
[{}, {}, {consigneeAddress={zip=450580, city=Sal, ELSElength=105, countryCode=IN, name=ayan}}]
[root, root, root, shipmentDetail, consigneeAddress]
[{}, {}, {consigneeAddress={zip=450580, city=Sal, ELSElength=105, countryCode=IN, name=ayan}}, {}]
[root, root, root, shipmentDetail, consigneeAddress, countryName]
[{}, {}, {consigneeAddress={zip=450580, city=Sal, ELSElength=105, countryCode=IN, name=ayan}}, {countryName=India}]
[root, root, root, shipmentDetail, consigneeAddress, countryName]
[{}, {}, {consigneeAddress={zip=450580, city=Sal, ELSElength=105, countryCode=IN, name=ayan, countryName=India}}]
[root, root, root, shipmentDetail, consigneeAddress]
[{}, {}, {consigneeAddress={zip=450580, city=Sal, ELSElength=105, countryCode=IN, name=ayan, countryName=India}}, {}]
[root, root, root, shipmentDetail, consigneeAddress, contactPhone]
[{}, {}, {consigneeAddress={zip=450580, city=Sal, ELSElength=105, countryCode=IN, name=ayan, countryName=India}}, {contactPhone=987655781}]
[root, root, root, shipmentDetail, consigneeAddress, contactPhone]
[{}, {}, {consigneeAddress={zip=450580, city=Sal, ELSElength=105, countryCode=IN, name=ayan, countryName=India, contactPhone=987655781}}]
[root, root, root, shipmentDetail, consigneeAddress]
[{}, {shipmentDetail={consigneeAddress={zip=450580, city=Sal, ELSElength=105, countryCode=IN, name=ayan, countryName=India, contactPhone=987655781}}}]
[root, root, root, shipmentDetail]
[{}, {shipmentDetail={consigneeAddress={zip=450580, city=Sal, ELSElength=105, countryCode=IN, name=ayan, countryName=India, contactPhone=987655781}}}, {}]
[root, root, root, shipmentDetail, shipmentPackageInfo]
[{}, {shipmentDetail={consigneeAddress={zip=450580, city=Sal, ELSElength=105, countryCode=IN, name=ayan, countryName=India, contactPhone=987655781}}}, {}, {}]
[root, root, root, shipmentDetail, shipmentPackageInfo, cartonID]
[{}, {shipmentDetail={consigneeAddress={zip=450580, city=Sal, ELSElength=105, countryCode=IN, name=ayan, countryName=India, contactPhone=987655781}}}, {}, {}, {}]
[root, root, root, shipmentDetail, shipmentPackageInfo, cartonID, trackingID]
2020-06-13 01:45:26.735  INFO 11956 --- [           main] c.m.f.Aggregator.TagAggregator           : The method was not found
[{}, {shipmentDetail={consigneeAddress={zip=450580, city=Sal, ELSElength=105, countryCode=IN, name=ayan, countryName=India, contactPhone=987655781}}}, {}, {}, {trackingID=}]
[root, root, root, shipmentDetail, shipmentPackageInfo, cartonID, trackingID]
[{}, {shipmentDetail={consigneeAddress={zip=450580, city=Sal, ELSElength=105, countryCode=IN, name=ayan, countryName=India, contactPhone=987655781}}}, {}, {cartonID={trackingID=}}]
[root, root, root, shipmentDetail, shipmentPackageInfo, cartonID]
[{}, {shipmentDetail={consigneeAddress={zip=450580, city=Sal, ELSElength=105, countryCode=IN, name=ayan, countryName=India, contactPhone=987655781}}}, {shipmentPackageInfo={cartonID={trackingID=}}}]
[root, root, root, shipmentDetail, shipmentPackageInfo]
[{}, {shipmentDetail={consigneeAddress={zip=450580, city=Sal, ELSElength=105, countryCode=IN, name=ayan, countryName=India, contactPhone=987655781}}}, {shipmentPackageInfo={cartonID={trackingID=}}}, {}]
[root, root, root, shipmentDetail, shipmentPackageInfo, shipmentPackageDimensions]
[{}, {shipmentDetail={consigneeAddress={zip=450580, city=Sal, ELSElength=105, countryCode=IN, name=ayan, countryName=India, contactPhone=987655781}}}, {shipmentPackageInfo={cartonID={trackingID=}}}, {}, {}]
[root, root, root, shipmentDetail, shipmentPackageInfo, shipmentPackageDimensions, lengthValue]
[{}, {shipmentDetail={consigneeAddress={zip=450580, city=Sal, ELSElength=105, countryCode=IN, name=ayan, countryName=India, contactPhone=987655781}}}, {shipmentPackageInfo={cartonID={trackingID=}}}, {}, {lengthValue=105}]
[root, root, root, shipmentDetail, shipmentPackageInfo, shipmentPackageDimensions, lengthValue]
[{}, {shipmentDetail={consigneeAddress={zip=450580, city=Sal, ELSElength=105, countryCode=IN, name=ayan, countryName=India, contactPhone=987655781}}}, {shipmentPackageInfo={cartonID={trackingID=}}}, {shipmentPackageDimensions={lengthValue=105}}]
[root, root, root, shipmentDetail, shipmentPackageInfo, shipmentPackageDimensions]
[{}, {shipmentDetail={consigneeAddress={zip=450580, city=Sal, ELSElength=105, countryCode=IN, name=ayan, countryName=India, contactPhone=987655781}}}, {shipmentPackageInfo={cartonID={trackingID=}}}, {shipmentPackageDimensions={lengthValue=105}}, {}]
[root, root, root, shipmentDetail, shipmentPackageInfo, shipmentPackageDimensions, heightValue]
[{}, {shipmentDetail={consigneeAddress={zip=450580, city=Sal, ELSElength=105, countryCode=IN, name=ayan, countryName=India, contactPhone=987655781}}}, {shipmentPackageInfo={cartonID={trackingID=}}}, {shipmentPackageDimensions={lengthValue=105}}, {heightValue=179}]
[root, root, root, shipmentDetail, shipmentPackageInfo, shipmentPackageDimensions, heightValue]
[{}, {shipmentDetail={consigneeAddress={zip=450580, city=Sal, ELSElength=105, countryCode=IN, name=ayan, countryName=India, contactPhone=987655781}}}, {shipmentPackageInfo={cartonID={trackingID=}}}, {shipmentPackageDimensions={lengthValue=105, heightValue=179}}]
[root, root, root, shipmentDetail, shipmentPackageInfo, shipmentPackageDimensions]
[{}, {shipmentDetail={consigneeAddress={zip=450580, city=Sal, ELSElength=105, countryCode=IN, name=ayan, countryName=India, contactPhone=987655781}}}, {shipmentPackageInfo={shipmentPackageDimensions={lengthValue=105, heightValue=179}, cartonID={trackingID=}}}]
[root, root, root, shipmentDetail, shipmentPackageInfo]
[{}, {shipmentDetail={consigneeAddress={zip=450580, city=Sal, ELSElength=105, countryCode=IN, name=ayan, countryName=India, contactPhone=987655781}, shipmentPackageInfo={shipmentPackageDimensions={lengthValue=105, heightValue=179}, cartonID={trackingID=}}}}]
[root, root, root, shipmentDetail]
[{root={shipmentDetail={consigneeAddress={zip=450580, city=Sal, ELSElength=105, countryCode=IN, name=ayan, countryName=India, contactPhone=987655781}, shipmentPackageInfo={shipmentPackageDimensions={lengthValue=105, heightValue=179}, cartonID={trackingID=}}}}}]
[root, root, root]
[{}, {}]
[root, root, root, root, shipmentDetail]
[{}, {}, {}]
[root, root, root, root, shipmentDetail, consigneeAddress]
[{}, {}, {}, {}]
[root, root, root, root, shipmentDetail, consigneeAddress, name]
[{}, {}, {}, {name=Nancy}]
[root, root, root, root, shipmentDetail, consigneeAddress, name]
[{}, {}, {consigneeAddress={name=Nancy}}]
[root, root, root, root, shipmentDetail, consigneeAddress]
[{}, {}, {consigneeAddress={name=Nancy}}, {}]
[root, root, root, root, shipmentDetail, consigneeAddress, city]
[{}, {}, {consigneeAddress={name=Nancy}}, {city=Katni}]
[root, root, root, root, shipmentDetail, consigneeAddress, city]
[{}, {}, {consigneeAddress={city=Katni, name=Nancy}}]
[root, root, root, root, shipmentDetail, consigneeAddress]
[{}, {}, {consigneeAddress={city=Katni, name=Nancy}}, {}]
[root, root, root, root, shipmentDetail, consigneeAddress, zip]
[{}, {}, {consigneeAddress={city=Katni, name=Nancy}}, {zip=756300}]
[root, root, root, root, shipmentDetail, consigneeAddress, zip]
[{}, {}, {consigneeAddress={zip=756300, city=Katni, name=Nancy}}]
[root, root, root, root, shipmentDetail, consigneeAddress]
[{}, {}, {consigneeAddress={zip=756300, city=Katni, name=Nancy}}, {}]
[root, root, root, root, shipmentDetail, consigneeAddress, countryCode]
[{}, {}, {consigneeAddress={zip=756300, city=Katni, name=Nancy}}, {countryCode=IN}]
[root, root, root, root, shipmentDetail, consigneeAddress, countryCode]
[{}, {}, {consigneeAddress={zip=756300, city=Katni, countryCode=IN, name=Nancy}}]
[root, root, root, root, shipmentDetail, consigneeAddress]
[{}, {}, {consigneeAddress={zip=756300, city=Katni, countryCode=IN, name=Nancy}}, {}]
[root, root, root, root, shipmentDetail, consigneeAddress, ELSElength]
[{}, {}, {consigneeAddress={zip=756300, city=Katni, countryCode=IN, name=Nancy}}, {ELSElength=120}]
[root, root, root, root, shipmentDetail, consigneeAddress, ELSElength]
[{}, {}, {consigneeAddress={zip=756300, city=Katni, ELSElength=120, countryCode=IN, name=Nancy}}]
[root, root, root, root, shipmentDetail, consigneeAddress]
[{}, {}, {consigneeAddress={zip=756300, city=Katni, ELSElength=120, countryCode=IN, name=Nancy}}, {}]
[root, root, root, root, shipmentDetail, consigneeAddress, countryName]
[{}, {}, {consigneeAddress={zip=756300, city=Katni, ELSElength=120, countryCode=IN, name=Nancy}}, {countryName=India}]
[root, root, root, root, shipmentDetail, consigneeAddress, countryName]
[{}, {}, {consigneeAddress={zip=756300, city=Katni, ELSElength=120, countryCode=IN, name=Nancy, countryName=India}}]
[root, root, root, root, shipmentDetail, consigneeAddress]
[{}, {}, {consigneeAddress={zip=756300, city=Katni, ELSElength=120, countryCode=IN, name=Nancy, countryName=India}}, {}]
[root, root, root, root, shipmentDetail, consigneeAddress, contactPhone]
[{}, {}, {consigneeAddress={zip=756300, city=Katni, ELSElength=120, countryCode=IN, name=Nancy, countryName=India}}, {contactPhone=984534321}]
[root, root, root, root, shipmentDetail, consigneeAddress, contactPhone]
[{}, {}, {consigneeAddress={zip=756300, city=Katni, ELSElength=120, countryCode=IN, name=Nancy, countryName=India, contactPhone=984534321}}]
[root, root, root, root, shipmentDetail, consigneeAddress]
[{}, {shipmentDetail={consigneeAddress={zip=756300, city=Katni, ELSElength=120, countryCode=IN, name=Nancy, countryName=India, contactPhone=984534321}}}]
[root, root, root, root, shipmentDetail]
[{}, {shipmentDetail={consigneeAddress={zip=756300, city=Katni, ELSElength=120, countryCode=IN, name=Nancy, countryName=India, contactPhone=984534321}}}, {}]
[root, root, root, root, shipmentDetail, shipmentPackageInfo]
[{}, {shipmentDetail={consigneeAddress={zip=756300, city=Katni, ELSElength=120, countryCode=IN, name=Nancy, countryName=India, contactPhone=984534321}}}, {}, {}]
[root, root, root, root, shipmentDetail, shipmentPackageInfo, cartonID]
[{}, {shipmentDetail={consigneeAddress={zip=756300, city=Katni, ELSElength=120, countryCode=IN, name=Nancy, countryName=India, contactPhone=984534321}}}, {}, {}, {}]
[root, root, root, root, shipmentDetail, shipmentPackageInfo, cartonID, trackingID]
2020-06-13 01:45:26.816  INFO 11956 --- [           main] c.m.f.Aggregator.TagAggregator           : The method was not found
[{}, {shipmentDetail={consigneeAddress={zip=756300, city=Katni, ELSElength=120, countryCode=IN, name=Nancy, countryName=India, contactPhone=984534321}}}, {}, {}, {trackingID=}]
[root, root, root, root, shipmentDetail, shipmentPackageInfo, cartonID, trackingID]
[{}, {shipmentDetail={consigneeAddress={zip=756300, city=Katni, ELSElength=120, countryCode=IN, name=Nancy, countryName=India, contactPhone=984534321}}}, {}, {cartonID={trackingID=}}]
[root, root, root, root, shipmentDetail, shipmentPackageInfo, cartonID]
[{}, {shipmentDetail={consigneeAddress={zip=756300, city=Katni, ELSElength=120, countryCode=IN, name=Nancy, countryName=India, contactPhone=984534321}}}, {shipmentPackageInfo={cartonID={trackingID=}}}]
[root, root, root, root, shipmentDetail, shipmentPackageInfo]
[{}, {shipmentDetail={consigneeAddress={zip=756300, city=Katni, ELSElength=120, countryCode=IN, name=Nancy, countryName=India, contactPhone=984534321}}}, {shipmentPackageInfo={cartonID={trackingID=}}}, {}]
[root, root, root, root, shipmentDetail, shipmentPackageInfo, shipmentPackageDimensions]
[{}, {shipmentDetail={consigneeAddress={zip=756300, city=Katni, ELSElength=120, countryCode=IN, name=Nancy, countryName=India, contactPhone=984534321}}}, {shipmentPackageInfo={cartonID={trackingID=}}}, {}, {}]
[root, root, root, root, shipmentDetail, shipmentPackageInfo, shipmentPackageDimensions, lengthValue]
[{}, {shipmentDetail={consigneeAddress={zip=756300, city=Katni, ELSElength=120, countryCode=IN, name=Nancy, countryName=India, contactPhone=984534321}}}, {shipmentPackageInfo={cartonID={trackingID=}}}, {}, {lengthValue=120}]
[root, root, root, root, shipmentDetail, shipmentPackageInfo, shipmentPackageDimensions, lengthValue]
[{}, {shipmentDetail={consigneeAddress={zip=756300, city=Katni, ELSElength=120, countryCode=IN, name=Nancy, countryName=India, contactPhone=984534321}}}, {shipmentPackageInfo={cartonID={trackingID=}}}, {shipmentPackageDimensions={lengthValue=120}}]
[root, root, root, root, shipmentDetail, shipmentPackageInfo, shipmentPackageDimensions]
[{}, {shipmentDetail={consigneeAddress={zip=756300, city=Katni, ELSElength=120, countryCode=IN, name=Nancy, countryName=India, contactPhone=984534321}}}, {shipmentPackageInfo={cartonID={trackingID=}}}, {shipmentPackageDimensions={lengthValue=120}}, {}]
[root, root, root, root, shipmentDetail, shipmentPackageInfo, shipmentPackageDimensions, heightValue]
[{}, {shipmentDetail={consigneeAddress={zip=756300, city=Katni, ELSElength=120, countryCode=IN, name=Nancy, countryName=India, contactPhone=984534321}}}, {shipmentPackageInfo={cartonID={trackingID=}}}, {shipmentPackageDimensions={lengthValue=120}}, {heightValue=210}]
[root, root, root, root, shipmentDetail, shipmentPackageInfo, shipmentPackageDimensions, heightValue]
[{}, {shipmentDetail={consigneeAddress={zip=756300, city=Katni, ELSElength=120, countryCode=IN, name=Nancy, countryName=India, contactPhone=984534321}}}, {shipmentPackageInfo={cartonID={trackingID=}}}, {shipmentPackageDimensions={lengthValue=120, heightValue=210}}]
[root, root, root, root, shipmentDetail, shipmentPackageInfo, shipmentPackageDimensions]
[{}, {shipmentDetail={consigneeAddress={zip=756300, city=Katni, ELSElength=120, countryCode=IN, name=Nancy, countryName=India, contactPhone=984534321}}}, {shipmentPackageInfo={shipmentPackageDimensions={lengthValue=120, heightValue=210}, cartonID={trackingID=}}}]
[root, root, root, root, shipmentDetail, shipmentPackageInfo]
[{}, {shipmentDetail={consigneeAddress={zip=756300, city=Katni, ELSElength=120, countryCode=IN, name=Nancy, countryName=India, contactPhone=984534321}, shipmentPackageInfo={shipmentPackageDimensions={lengthValue=120, heightValue=210}, cartonID={trackingID=}}}}]
[root, root, root, root, shipmentDetail]
[{root={shipmentDetail={consigneeAddress={zip=756300, city=Katni, ELSElength=120, countryCode=IN, name=Nancy, countryName=India, contactPhone=984534321}, shipmentPackageInfo={shipmentPackageDimensions={lengthValue=120, heightValue=210}, cartonID={trackingID=}}}}}]
[root, root, root, root]
[{}, {}]
[root, root, root, root, root, shipmentDetail]
[{}, {}, {}]
[root, root, root, root, root, shipmentDetail, consigneeAddress]
[{}, {}, {}, {}]
[root, root, root, root, root, shipmentDetail, consigneeAddress, name]
[{}, {}, {}, {name=Abul}]
[root, root, root, root, root, shipmentDetail, consigneeAddress, name]
[{}, {}, {consigneeAddress={name=Abul}}]
[root, root, root, root, root, shipmentDetail, consigneeAddress]
[{}, {}, {consigneeAddress={name=Abul}}, {}]
[root, root, root, root, root, shipmentDetail, consigneeAddress, city]
[{}, {}, {consigneeAddress={name=Abul}}, {city=Satna}]
[root, root, root, root, root, shipmentDetail, consigneeAddress, city]
[{}, {}, {consigneeAddress={city=Satna, name=Abul}}]
[root, root, root, root, root, shipmentDetail, consigneeAddress]
[{}, {}, {consigneeAddress={city=Satna, name=Abul}}, {}]
[root, root, root, root, root, shipmentDetail, consigneeAddress, zip]
[{}, {}, {consigneeAddress={city=Satna, name=Abul}}, {zip=450000}]
[root, root, root, root, root, shipmentDetail, consigneeAddress, zip]
[{}, {}, {consigneeAddress={zip=450000, city=Satna, name=Abul}}]
[root, root, root, root, root, shipmentDetail, consigneeAddress]
[{}, {}, {consigneeAddress={zip=450000, city=Satna, name=Abul}}, {}]
[root, root, root, root, root, shipmentDetail, consigneeAddress, countryCode]
[{}, {}, {consigneeAddress={zip=450000, city=Satna, name=Abul}}, {countryCode=AUS}]
[root, root, root, root, root, shipmentDetail, consigneeAddress, countryCode]
[{}, {}, {consigneeAddress={zip=450000, city=Satna, countryCode=AUS, name=Abul}}]
[root, root, root, root, root, shipmentDetail, consigneeAddress]
[{}, {}, {consigneeAddress={zip=450000, city=Satna, countryCode=AUS, name=Abul}}, {}]
[root, root, root, root, root, shipmentDetail, consigneeAddress, ELSElength]
[{}, {}, {consigneeAddress={zip=450000, city=Satna, countryCode=AUS, name=Abul}}, {ELSElength=110}]
[root, root, root, root, root, shipmentDetail, consigneeAddress, ELSElength]
[{}, {}, {consigneeAddress={zip=450000, city=Satna, ELSElength=110, countryCode=AUS, name=Abul}}]
[root, root, root, root, root, shipmentDetail, consigneeAddress]
[{}, {}, {consigneeAddress={zip=450000, city=Satna, ELSElength=110, countryCode=AUS, name=Abul}}, {}]
[root, root, root, root, root, shipmentDetail, consigneeAddress, countryName]
[{}, {}, {consigneeAddress={zip=450000, city=Satna, ELSElength=110, countryCode=AUS, name=Abul}}, {countryName=Australia}]
[root, root, root, root, root, shipmentDetail, consigneeAddress, countryName]
[{}, {}, {consigneeAddress={zip=450000, city=Satna, ELSElength=110, countryCode=AUS, name=Abul, countryName=Australia}}]
[root, root, root, root, root, shipmentDetail, consigneeAddress]
[{}, {}, {consigneeAddress={zip=450000, city=Satna, ELSElength=110, countryCode=AUS, name=Abul, countryName=Australia}}, {}]
[root, root, root, root, root, shipmentDetail, consigneeAddress, contactPhone]
[{}, {}, {consigneeAddress={zip=450000, city=Satna, ELSElength=110, countryCode=AUS, name=Abul, countryName=Australia}}, {contactPhone=98684661}]
[root, root, root, root, root, shipmentDetail, consigneeAddress, contactPhone]
[{}, {}, {consigneeAddress={zip=450000, city=Satna, ELSElength=110, countryCode=AUS, name=Abul, countryName=Australia, contactPhone=98684661}}]
[root, root, root, root, root, shipmentDetail, consigneeAddress]
[{}, {shipmentDetail={consigneeAddress={zip=450000, city=Satna, ELSElength=110, countryCode=AUS, name=Abul, countryName=Australia, contactPhone=98684661}}}]
[root, root, root, root, root, shipmentDetail]
[{}, {shipmentDetail={consigneeAddress={zip=450000, city=Satna, ELSElength=110, countryCode=AUS, name=Abul, countryName=Australia, contactPhone=98684661}}}, {}]
[root, root, root, root, root, shipmentDetail, shipmentPackageInfo]
[{}, {shipmentDetail={consigneeAddress={zip=450000, city=Satna, ELSElength=110, countryCode=AUS, name=Abul, countryName=Australia, contactPhone=98684661}}}, {}, {}]
[root, root, root, root, root, shipmentDetail, shipmentPackageInfo, cartonID]
[{}, {shipmentDetail={consigneeAddress={zip=450000, city=Satna, ELSElength=110, countryCode=AUS, name=Abul, countryName=Australia, contactPhone=98684661}}}, {}, {}, {}]
[root, root, root, root, root, shipmentDetail, shipmentPackageInfo, cartonID, trackingID]
2020-06-13 01:45:26.886  INFO 11956 --- [           main] c.m.f.Aggregator.TagAggregator           : The method was not found
[{}, {shipmentDetail={consigneeAddress={zip=450000, city=Satna, ELSElength=110, countryCode=AUS, name=Abul, countryName=Australia, contactPhone=98684661}}}, {}, {}, {trackingID=}]
[root, root, root, root, root, shipmentDetail, shipmentPackageInfo, cartonID, trackingID]
[{}, {shipmentDetail={consigneeAddress={zip=450000, city=Satna, ELSElength=110, countryCode=AUS, name=Abul, countryName=Australia, contactPhone=98684661}}}, {}, {cartonID={trackingID=}}]
[root, root, root, root, root, shipmentDetail, shipmentPackageInfo, cartonID]
[{}, {shipmentDetail={consigneeAddress={zip=450000, city=Satna, ELSElength=110, countryCode=AUS, name=Abul, countryName=Australia, contactPhone=98684661}}}, {shipmentPackageInfo={cartonID={trackingID=}}}]
[root, root, root, root, root, shipmentDetail, shipmentPackageInfo]
[{}, {shipmentDetail={consigneeAddress={zip=450000, city=Satna, ELSElength=110, countryCode=AUS, name=Abul, countryName=Australia, contactPhone=98684661}}}, {shipmentPackageInfo={cartonID={trackingID=}}}, {}]
[root, root, root, root, root, shipmentDetail, shipmentPackageInfo, shipmentPackageDimensions]
[{}, {shipmentDetail={consigneeAddress={zip=450000, city=Satna, ELSElength=110, countryCode=AUS, name=Abul, countryName=Australia, contactPhone=98684661}}}, {shipmentPackageInfo={cartonID={trackingID=}}}, {}, {}]
[root, root, root, root, root, shipmentDetail, shipmentPackageInfo, shipmentPackageDimensions, lengthValue]
[{}, {shipmentDetail={consigneeAddress={zip=450000, city=Satna, ELSElength=110, countryCode=AUS, name=Abul, countryName=Australia, contactPhone=98684661}}}, {shipmentPackageInfo={cartonID={trackingID=}}}, {}, {lengthValue=110}]
[root, root, root, root, root, shipmentDetail, shipmentPackageInfo, shipmentPackageDimensions, lengthValue]
[{}, {shipmentDetail={consigneeAddress={zip=450000, city=Satna, ELSElength=110, countryCode=AUS, name=Abul, countryName=Australia, contactPhone=98684661}}}, {shipmentPackageInfo={cartonID={trackingID=}}}, {shipmentPackageDimensions={lengthValue=110}}]
[root, root, root, root, root, shipmentDetail, shipmentPackageInfo, shipmentPackageDimensions]
[{}, {shipmentDetail={consigneeAddress={zip=450000, city=Satna, ELSElength=110, countryCode=AUS, name=Abul, countryName=Australia, contactPhone=98684661}}}, {shipmentPackageInfo={cartonID={trackingID=}}}, {shipmentPackageDimensions={lengthValue=110}}, {}]
[root, root, root, root, root, shipmentDetail, shipmentPackageInfo, shipmentPackageDimensions, heightValue]
[{}, {shipmentDetail={consigneeAddress={zip=450000, city=Satna, ELSElength=110, countryCode=AUS, name=Abul, countryName=Australia, contactPhone=98684661}}}, {shipmentPackageInfo={cartonID={trackingID=}}}, {shipmentPackageDimensions={lengthValue=110}}, {heightValue=155}]
[root, root, root, root, root, shipmentDetail, shipmentPackageInfo, shipmentPackageDimensions, heightValue]
[{}, {shipmentDetail={consigneeAddress={zip=450000, city=Satna, ELSElength=110, countryCode=AUS, name=Abul, countryName=Australia, contactPhone=98684661}}}, {shipmentPackageInfo={cartonID={trackingID=}}}, {shipmentPackageDimensions={lengthValue=110, heightValue=155}}]
[root, root, root, root, root, shipmentDetail, shipmentPackageInfo, shipmentPackageDimensions]
[{}, {shipmentDetail={consigneeAddress={zip=450000, city=Satna, ELSElength=110, countryCode=AUS, name=Abul, countryName=Australia, contactPhone=98684661}}}, {shipmentPackageInfo={shipmentPackageDimensions={lengthValue=110, heightValue=155}, cartonID={trackingID=}}}]
[root, root, root, root, root, shipmentDetail, shipmentPackageInfo]
[{}, {shipmentDetail={consigneeAddress={zip=450000, city=Satna, ELSElength=110, countryCode=AUS, name=Abul, countryName=Australia, contactPhone=98684661}, shipmentPackageInfo={shipmentPackageDimensions={lengthValue=110, heightValue=155}, cartonID={trackingID=}}}}]
[root, root, root, root, root, shipmentDetail]
[{root={shipmentDetail={consigneeAddress={zip=450000, city=Satna, ELSElength=110, countryCode=AUS, name=Abul, countryName=Australia, contactPhone=98684661}, shipmentPackageInfo={shipmentPackageDimensions={lengthValue=110, heightValue=155}, cartonID={trackingID=}}}}}]
[root, root, root, root, root]
[{}, {}]
[root, root, root, root, root, root, shipmentDetail]
[{}, {}, {}]
[root, root, root, root, root, root, shipmentDetail, consigneeAddress]
[{}, {}, {}, {}]
[root, root, root, root, root, root, shipmentDetail, consigneeAddress, name]
[{}, {}, {}, {name=Jaydeep}]
[root, root, root, root, root, root, shipmentDetail, consigneeAddress, name]
[{}, {}, {consigneeAddress={name=Jaydeep}}]
[root, root, root, root, root, root, shipmentDetail, consigneeAddress]
[{}, {}, {consigneeAddress={name=Jaydeep}}, {}]
[root, root, root, root, root, root, shipmentDetail, consigneeAddress, city]
[{}, {}, {consigneeAddress={name=Jaydeep}}, {city=Satna}]
[root, root, root, root, root, root, shipmentDetail, consigneeAddress, city]
[{}, {}, {consigneeAddress={city=Satna, name=Jaydeep}}]
[root, root, root, root, root, root, shipmentDetail, consigneeAddress]
[{}, {}, {consigneeAddress={city=Satna, name=Jaydeep}}, {}]
[root, root, root, root, root, root, shipmentDetail, consigneeAddress, zip]
[{}, {}, {consigneeAddress={city=Satna, name=Jaydeep}}, {zip=450000}]
[root, root, root, root, root, root, shipmentDetail, consigneeAddress, zip]
[{}, {}, {consigneeAddress={zip=450000, city=Satna, name=Jaydeep}}]
[root, root, root, root, root, root, shipmentDetail, consigneeAddress]
[{}, {}, {consigneeAddress={zip=450000, city=Satna, name=Jaydeep}}, {}]
[root, root, root, root, root, root, shipmentDetail, consigneeAddress, countryCode]
[{}, {}, {consigneeAddress={zip=450000, city=Satna, name=Jaydeep}}, {countryCode=EN}]
[root, root, root, root, root, root, shipmentDetail, consigneeAddress, countryCode]
[{}, {}, {consigneeAddress={zip=450000, city=Satna, countryCode=EN, name=Jaydeep}}]
[root, root, root, root, root, root, shipmentDetail, consigneeAddress]
[{}, {}, {consigneeAddress={zip=450000, city=Satna, countryCode=EN, name=Jaydeep}}, {}]
[root, root, root, root, root, root, shipmentDetail, consigneeAddress, ELSElength]
[{}, {}, {consigneeAddress={zip=450000, city=Satna, countryCode=EN, name=Jaydeep}}, {ELSElength=10}]
[root, root, root, root, root, root, shipmentDetail, consigneeAddress, ELSElength]
[{}, {}, {consigneeAddress={zip=450000, city=Satna, ELSElength=10, countryCode=EN, name=Jaydeep}}]
[root, root, root, root, root, root, shipmentDetail, consigneeAddress]
[{}, {}, {consigneeAddress={zip=450000, city=Satna, ELSElength=10, countryCode=EN, name=Jaydeep}}, {}]
[root, root, root, root, root, root, shipmentDetail, consigneeAddress, countryName]
[{}, {}, {consigneeAddress={zip=450000, city=Satna, ELSElength=10, countryCode=EN, name=Jaydeep}}, {countryName=England}]
[root, root, root, root, root, root, shipmentDetail, consigneeAddress, countryName]
[{}, {}, {consigneeAddress={zip=450000, city=Satna, ELSElength=10, countryCode=EN, name=Jaydeep, countryName=England}}]
[root, root, root, root, root, root, shipmentDetail, consigneeAddress]
[{}, {}, {consigneeAddress={zip=450000, city=Satna, ELSElength=10, countryCode=EN, name=Jaydeep, countryName=England}}, {}]
[root, root, root, root, root, root, shipmentDetail, consigneeAddress, contactPhone]
[{}, {}, {consigneeAddress={zip=450000, city=Satna, ELSElength=10, countryCode=EN, name=Jaydeep, countryName=England}}, {contactPhone=948644684}]
[root, root, root, root, root, root, shipmentDetail, consigneeAddress, contactPhone]
[{}, {}, {consigneeAddress={zip=450000, city=Satna, ELSElength=10, countryCode=EN, name=Jaydeep, countryName=England, contactPhone=948644684}}]
[root, root, root, root, root, root, shipmentDetail, consigneeAddress]
[{}, {shipmentDetail={consigneeAddress={zip=450000, city=Satna, ELSElength=10, countryCode=EN, name=Jaydeep, countryName=England, contactPhone=948644684}}}]
[root, root, root, root, root, root, shipmentDetail]
[{}, {shipmentDetail={consigneeAddress={zip=450000, city=Satna, ELSElength=10, countryCode=EN, name=Jaydeep, countryName=England, contactPhone=948644684}}}, {}]
[root, root, root, root, root, root, shipmentDetail, shipmentPackageInfo]
[{}, {shipmentDetail={consigneeAddress={zip=450000, city=Satna, ELSElength=10, countryCode=EN, name=Jaydeep, countryName=England, contactPhone=948644684}}}, {}, {}]
[root, root, root, root, root, root, shipmentDetail, shipmentPackageInfo, cartonID]
[{}, {shipmentDetail={consigneeAddress={zip=450000, city=Satna, ELSElength=10, countryCode=EN, name=Jaydeep, countryName=England, contactPhone=948644684}}}, {}, {}, {}]
[root, root, root, root, root, root, shipmentDetail, shipmentPackageInfo, cartonID, trackingID]
2020-06-13 01:45:26.971  INFO 11956 --- [           main] c.m.f.Aggregator.TagAggregator           : The method was not found
[{}, {shipmentDetail={consigneeAddress={zip=450000, city=Satna, ELSElength=10, countryCode=EN, name=Jaydeep, countryName=England, contactPhone=948644684}}}, {}, {}, {trackingID=}]
[root, root, root, root, root, root, shipmentDetail, shipmentPackageInfo, cartonID, trackingID]
[{}, {shipmentDetail={consigneeAddress={zip=450000, city=Satna, ELSElength=10, countryCode=EN, name=Jaydeep, countryName=England, contactPhone=948644684}}}, {}, {cartonID={trackingID=}}]
[root, root, root, root, root, root, shipmentDetail, shipmentPackageInfo, cartonID]
[{}, {shipmentDetail={consigneeAddress={zip=450000, city=Satna, ELSElength=10, countryCode=EN, name=Jaydeep, countryName=England, contactPhone=948644684}}}, {shipmentPackageInfo={cartonID={trackingID=}}}]
[root, root, root, root, root, root, shipmentDetail, shipmentPackageInfo]
[{}, {shipmentDetail={consigneeAddress={zip=450000, city=Satna, ELSElength=10, countryCode=EN, name=Jaydeep, countryName=England, contactPhone=948644684}}}, {shipmentPackageInfo={cartonID={trackingID=}}}, {}]
[root, root, root, root, root, root, shipmentDetail, shipmentPackageInfo, shipmentPackageDimensions]
[{}, {shipmentDetail={consigneeAddress={zip=450000, city=Satna, ELSElength=10, countryCode=EN, name=Jaydeep, countryName=England, contactPhone=948644684}}}, {shipmentPackageInfo={cartonID={trackingID=}}}, {}, {}]
[root, root, root, root, root, root, shipmentDetail, shipmentPackageInfo, shipmentPackageDimensions, lengthValue]
[{}, {shipmentDetail={consigneeAddress={zip=450000, city=Satna, ELSElength=10, countryCode=EN, name=Jaydeep, countryName=England, contactPhone=948644684}}}, {shipmentPackageInfo={cartonID={trackingID=}}}, {}, {lengthValue=10}]
[root, root, root, root, root, root, shipmentDetail, shipmentPackageInfo, shipmentPackageDimensions, lengthValue]
[{}, {shipmentDetail={consigneeAddress={zip=450000, city=Satna, ELSElength=10, countryCode=EN, name=Jaydeep, countryName=England, contactPhone=948644684}}}, {shipmentPackageInfo={cartonID={trackingID=}}}, {shipmentPackageDimensions={lengthValue=10}}]
[root, root, root, root, root, root, shipmentDetail, shipmentPackageInfo, shipmentPackageDimensions]
[{}, {shipmentDetail={consigneeAddress={zip=450000, city=Satna, ELSElength=10, countryCode=EN, name=Jaydeep, countryName=England, contactPhone=948644684}}}, {shipmentPackageInfo={cartonID={trackingID=}}}, {shipmentPackageDimensions={lengthValue=10}}, {}]
[root, root, root, root, root, root, shipmentDetail, shipmentPackageInfo, shipmentPackageDimensions, heightValue]
[{}, {shipmentDetail={consigneeAddress={zip=450000, city=Satna, ELSElength=10, countryCode=EN, name=Jaydeep, countryName=England, contactPhone=948644684}}}, {shipmentPackageInfo={cartonID={trackingID=}}}, {shipmentPackageDimensions={lengthValue=10}}, {heightValue=150}]
[root, root, root, root, root, root, shipmentDetail, shipmentPackageInfo, shipmentPackageDimensions, heightValue]
[{}, {shipmentDetail={consigneeAddress={zip=450000, city=Satna, ELSElength=10, countryCode=EN, name=Jaydeep, countryName=England, contactPhone=948644684}}}, {shipmentPackageInfo={cartonID={trackingID=}}}, {shipmentPackageDimensions={lengthValue=10, heightValue=150}}]
[root, root, root, root, root, root, shipmentDetail, shipmentPackageInfo, shipmentPackageDimensions]
[{}, {shipmentDetail={consigneeAddress={zip=450000, city=Satna, ELSElength=10, countryCode=EN, name=Jaydeep, countryName=England, contactPhone=948644684}}}, {shipmentPackageInfo={shipmentPackageDimensions={lengthValue=10, heightValue=150}, cartonID={trackingID=}}}]
[root, root, root, root, root, root, shipmentDetail, shipmentPackageInfo]
[{}, {shipmentDetail={consigneeAddress={zip=450000, city=Satna, ELSElength=10, countryCode=EN, name=Jaydeep, countryName=England, contactPhone=948644684}, shipmentPackageInfo={shipmentPackageDimensions={lengthValue=10, heightValue=150}, cartonID={trackingID=}}}}]
[root, root, root, root, root, root, shipmentDetail]
[{root={shipmentDetail={consigneeAddress={zip=450000, city=Satna, ELSElength=10, countryCode=EN, name=Jaydeep, countryName=England, contactPhone=948644684}, shipmentPackageInfo={shipmentPackageDimensions={lengthValue=10, heightValue=150}, cartonID={trackingID=}}}}}]
[root, root, root, root, root, root]
[{}, {}]
[root, root, root, root, root, root, root, shipmentDetail]
[{}, {}, {}]
[root, root, root, root, root, root, root, shipmentDetail, consigneeAddress]
[{}, {}, {}, {}]
[root, root, root, root, root, root, root, shipmentDetail, consigneeAddress, name]
[{}, {}, {}, {name=Fizan}]
[root, root, root, root, root, root, root, shipmentDetail, consigneeAddress, name]
[{}, {}, {consigneeAddress={name=Fizan}}]
[root, root, root, root, root, root, root, shipmentDetail, consigneeAddress]
[{}, {}, {consigneeAddress={name=Fizan}}, {}]
[root, root, root, root, root, root, root, shipmentDetail, consigneeAddress, city]
[{}, {}, {consigneeAddress={name=Fizan}}, {city=Satna}]
[root, root, root, root, root, root, root, shipmentDetail, consigneeAddress, city]
[{}, {}, {consigneeAddress={city=Satna, name=Fizan}}]
[root, root, root, root, root, root, root, shipmentDetail, consigneeAddress]
[{}, {}, {consigneeAddress={city=Satna, name=Fizan}}, {}]
[root, root, root, root, root, root, root, shipmentDetail, consigneeAddress, zip]
[{}, {}, {consigneeAddress={city=Satna, name=Fizan}}, {zip=450000}]
[root, root, root, root, root, root, root, shipmentDetail, consigneeAddress, zip]
[{}, {}, {consigneeAddress={zip=450000, city=Satna, name=Fizan}}]
[root, root, root, root, root, root, root, shipmentDetail, consigneeAddress]
[{}, {}, {consigneeAddress={zip=450000, city=Satna, name=Fizan}}, {}]
[root, root, root, root, root, root, root, shipmentDetail, consigneeAddress, countryCode]
[{}, {}, {consigneeAddress={zip=450000, city=Satna, name=Fizan}}, {countryCode=NZ}]
[root, root, root, root, root, root, root, shipmentDetail, consigneeAddress, countryCode]
[{}, {}, {consigneeAddress={zip=450000, city=Satna, countryCode=NZ, name=Fizan}}]
[root, root, root, root, root, root, root, shipmentDetail, consigneeAddress]
[{}, {}, {consigneeAddress={zip=450000, city=Satna, countryCode=NZ, name=Fizan}}, {}]
[root, root, root, root, root, root, root, shipmentDetail, consigneeAddress, ELSElength]
[{}, {}, {consigneeAddress={zip=450000, city=Satna, countryCode=NZ, name=Fizan}}, {ELSElength=10}]
[root, root, root, root, root, root, root, shipmentDetail, consigneeAddress, ELSElength]
[{}, {}, {consigneeAddress={zip=450000, city=Satna, ELSElength=10, countryCode=NZ, name=Fizan}}]
[root, root, root, root, root, root, root, shipmentDetail, consigneeAddress]
[{}, {}, {consigneeAddress={zip=450000, city=Satna, ELSElength=10, countryCode=NZ, name=Fizan}}, {}]
[root, root, root, root, root, root, root, shipmentDetail, consigneeAddress, countryName]
[{}, {}, {consigneeAddress={zip=450000, city=Satna, ELSElength=10, countryCode=NZ, name=Fizan}}, {countryName=New Zealand}]
[root, root, root, root, root, root, root, shipmentDetail, consigneeAddress, countryName]
[{}, {}, {consigneeAddress={zip=450000, city=Satna, ELSElength=10, countryCode=NZ, name=Fizan, countryName=New Zealand}}]
[root, root, root, root, root, root, root, shipmentDetail, consigneeAddress]
[{}, {}, {consigneeAddress={zip=450000, city=Satna, ELSElength=10, countryCode=NZ, name=Fizan, countryName=New Zealand}}, {}]
[root, root, root, root, root, root, root, shipmentDetail, consigneeAddress, contactPhone]
[{}, {}, {consigneeAddress={zip=450000, city=Satna, ELSElength=10, countryCode=NZ, name=Fizan, countryName=New Zealand}}, {contactPhone=934864648}]
[root, root, root, root, root, root, root, shipmentDetail, consigneeAddress, contactPhone]
[{}, {}, {consigneeAddress={zip=450000, city=Satna, ELSElength=10, countryCode=NZ, name=Fizan, countryName=New Zealand, contactPhone=934864648}}]
[root, root, root, root, root, root, root, shipmentDetail, consigneeAddress]
[{}, {shipmentDetail={consigneeAddress={zip=450000, city=Satna, ELSElength=10, countryCode=NZ, name=Fizan, countryName=New Zealand, contactPhone=934864648}}}]
[root, root, root, root, root, root, root, shipmentDetail]
[{}, {shipmentDetail={consigneeAddress={zip=450000, city=Satna, ELSElength=10, countryCode=NZ, name=Fizan, countryName=New Zealand, contactPhone=934864648}}}, {}]
[root, root, root, root, root, root, root, shipmentDetail, shipmentPackageInfo]
[{}, {shipmentDetail={consigneeAddress={zip=450000, city=Satna, ELSElength=10, countryCode=NZ, name=Fizan, countryName=New Zealand, contactPhone=934864648}}}, {}, {}]
[root, root, root, root, root, root, root, shipmentDetail, shipmentPackageInfo, cartonID]
[{}, {shipmentDetail={consigneeAddress={zip=450000, city=Satna, ELSElength=10, countryCode=NZ, name=Fizan, countryName=New Zealand, contactPhone=934864648}}}, {}, {}, {}]
[root, root, root, root, root, root, root, shipmentDetail, shipmentPackageInfo, cartonID, trackingID]
2020-06-13 01:45:27.052  INFO 11956 --- [           main] c.m.f.Aggregator.TagAggregator           : The method was not found
[{}, {shipmentDetail={consigneeAddress={zip=450000, city=Satna, ELSElength=10, countryCode=NZ, name=Fizan, countryName=New Zealand, contactPhone=934864648}}}, {}, {}, {trackingID=}]
[root, root, root, root, root, root, root, shipmentDetail, shipmentPackageInfo, cartonID, trackingID]
[{}, {shipmentDetail={consigneeAddress={zip=450000, city=Satna, ELSElength=10, countryCode=NZ, name=Fizan, countryName=New Zealand, contactPhone=934864648}}}, {}, {cartonID={trackingID=}}]
[root, root, root, root, root, root, root, shipmentDetail, shipmentPackageInfo, cartonID]
[{}, {shipmentDetail={consigneeAddress={zip=450000, city=Satna, ELSElength=10, countryCode=NZ, name=Fizan, countryName=New Zealand, contactPhone=934864648}}}, {shipmentPackageInfo={cartonID={trackingID=}}}]
[root, root, root, root, root, root, root, shipmentDetail, shipmentPackageInfo]
[{}, {shipmentDetail={consigneeAddress={zip=450000, city=Satna, ELSElength=10, countryCode=NZ, name=Fizan, countryName=New Zealand, contactPhone=934864648}}}, {shipmentPackageInfo={cartonID={trackingID=}}}, {}]
[root, root, root, root, root, root, root, shipmentDetail, shipmentPackageInfo, shipmentPackageDimensions]
[{}, {shipmentDetail={consigneeAddress={zip=450000, city=Satna, ELSElength=10, countryCode=NZ, name=Fizan, countryName=New Zealand, contactPhone=934864648}}}, {shipmentPackageInfo={cartonID={trackingID=}}}, {}, {}]
[root, root, root, root, root, root, root, shipmentDetail, shipmentPackageInfo, shipmentPackageDimensions, lengthValue]
[{}, {shipmentDetail={consigneeAddress={zip=450000, city=Satna, ELSElength=10, countryCode=NZ, name=Fizan, countryName=New Zealand, contactPhone=934864648}}}, {shipmentPackageInfo={cartonID={trackingID=}}}, {}, {lengthValue=10}]
[root, root, root, root, root, root, root, shipmentDetail, shipmentPackageInfo, shipmentPackageDimensions, lengthValue]
[{}, {shipmentDetail={consigneeAddress={zip=450000, city=Satna, ELSElength=10, countryCode=NZ, name=Fizan, countryName=New Zealand, contactPhone=934864648}}}, {shipmentPackageInfo={cartonID={trackingID=}}}, {shipmentPackageDimensions={lengthValue=10}}]
[root, root, root, root, root, root, root, shipmentDetail, shipmentPackageInfo, shipmentPackageDimensions]
[{}, {shipmentDetail={consigneeAddress={zip=450000, city=Satna, ELSElength=10, countryCode=NZ, name=Fizan, countryName=New Zealand, contactPhone=934864648}}}, {shipmentPackageInfo={cartonID={trackingID=}}}, {shipmentPackageDimensions={lengthValue=10}}, {}]
[root, root, root, root, root, root, root, shipmentDetail, shipmentPackageInfo, shipmentPackageDimensions, heightValue]
[{}, {shipmentDetail={consigneeAddress={zip=450000, city=Satna, ELSElength=10, countryCode=NZ, name=Fizan, countryName=New Zealand, contactPhone=934864648}}}, {shipmentPackageInfo={cartonID={trackingID=}}}, {shipmentPackageDimensions={lengthValue=10}}, {heightValue=10}]
[root, root, root, root, root, root, root, shipmentDetail, shipmentPackageInfo, shipmentPackageDimensions, heightValue]
[{}, {shipmentDetail={consigneeAddress={zip=450000, city=Satna, ELSElength=10, countryCode=NZ, name=Fizan, countryName=New Zealand, contactPhone=934864648}}}, {shipmentPackageInfo={cartonID={trackingID=}}}, {shipmentPackageDimensions={lengthValue=10, heightValue=10}}]
[root, root, root, root, root, root, root, shipmentDetail, shipmentPackageInfo, shipmentPackageDimensions]
[{}, {shipmentDetail={consigneeAddress={zip=450000, city=Satna, ELSElength=10, countryCode=NZ, name=Fizan, countryName=New Zealand, contactPhone=934864648}}}, {shipmentPackageInfo={shipmentPackageDimensions={lengthValue=10, heightValue=10}, cartonID={trackingID=}}}]
[root, root, root, root, root, root, root, shipmentDetail, shipmentPackageInfo]
[{}, {shipmentDetail={consigneeAddress={zip=450000, city=Satna, ELSElength=10, countryCode=NZ, name=Fizan, countryName=New Zealand, contactPhone=934864648}, shipmentPackageInfo={shipmentPackageDimensions={lengthValue=10, heightValue=10}, cartonID={trackingID=}}}}]
[root, root, root, root, root, root, root, shipmentDetail]
[{root={shipmentDetail={consigneeAddress={zip=450000, city=Satna, ELSElength=10, countryCode=NZ, name=Fizan, countryName=New Zealand, contactPhone=934864648}, shipmentPackageInfo={shipmentPackageDimensions={lengthValue=10, heightValue=10}, cartonID={trackingID=}}}}}]
[root, root, root, root, root, root, root]
[{}, {}]
[root, root, root, root, root, root, root, root, shipmentDetail]
[{}, {}, {}]
[root, root, root, root, root, root, root, root, shipmentDetail, consigneeAddress]
[{}, {}, {}, {}]
[root, root, root, root, root, root, root, root, shipmentDetail, consigneeAddress, name]
[{}, {}, {}, {name=Sohan}]
[root, root, root, root, root, root, root, root, shipmentDetail, consigneeAddress, name]
[{}, {}, {consigneeAddress={name=Sohan}}]
[root, root, root, root, root, root, root, root, shipmentDetail, consigneeAddress]
[{}, {}, {consigneeAddress={name=Sohan}}, {}]
[root, root, root, root, root, root, root, root, shipmentDetail, consigneeAddress, city]
[{}, {}, {consigneeAddress={name=Sohan}}, {city=Satna}]
[root, root, root, root, root, root, root, root, shipmentDetail, consigneeAddress, city]
[{}, {}, {consigneeAddress={city=Satna, name=Sohan}}]
[root, root, root, root, root, root, root, root, shipmentDetail, consigneeAddress]
[{}, {}, {consigneeAddress={city=Satna, name=Sohan}}, {}]
[root, root, root, root, root, root, root, root, shipmentDetail, consigneeAddress, zip]
[{}, {}, {consigneeAddress={city=Satna, name=Sohan}}, {zip=450000}]
[root, root, root, root, root, root, root, root, shipmentDetail, consigneeAddress, zip]
[{}, {}, {consigneeAddress={zip=450000, city=Satna, name=Sohan}}]
[root, root, root, root, root, root, root, root, shipmentDetail, consigneeAddress]
[{}, {}, {consigneeAddress={zip=450000, city=Satna, name=Sohan}}, {}]
[root, root, root, root, root, root, root, root, shipmentDetail, consigneeAddress, countryCode]
[{}, {}, {consigneeAddress={zip=450000, city=Satna, name=Sohan}}, {countryCode=BRZ}]
[root, root, root, root, root, root, root, root, shipmentDetail, consigneeAddress, countryCode]
[{}, {}, {consigneeAddress={zip=450000, city=Satna, countryCode=BRZ, name=Sohan}}]
[root, root, root, root, root, root, root, root, shipmentDetail, consigneeAddress]
[{}, {}, {consigneeAddress={zip=450000, city=Satna, countryCode=BRZ, name=Sohan}}, {}]
[root, root, root, root, root, root, root, root, shipmentDetail, consigneeAddress, ELSElength]
[{}, {}, {consigneeAddress={zip=450000, city=Satna, countryCode=BRZ, name=Sohan}}, {ELSElength=10}]
[root, root, root, root, root, root, root, root, shipmentDetail, consigneeAddress, ELSElength]
[{}, {}, {consigneeAddress={zip=450000, city=Satna, ELSElength=10, countryCode=BRZ, name=Sohan}}]
[root, root, root, root, root, root, root, root, shipmentDetail, consigneeAddress]
[{}, {}, {consigneeAddress={zip=450000, city=Satna, ELSElength=10, countryCode=BRZ, name=Sohan}}, {}]
[root, root, root, root, root, root, root, root, shipmentDetail, consigneeAddress, countryName]
[{}, {}, {consigneeAddress={zip=450000, city=Satna, ELSElength=10, countryCode=BRZ, name=Sohan}}, {countryName=Brazil}]
[root, root, root, root, root, root, root, root, shipmentDetail, consigneeAddress, countryName]
[{}, {}, {consigneeAddress={zip=450000, city=Satna, ELSElength=10, countryCode=BRZ, name=Sohan, countryName=Brazil}}]
[root, root, root, root, root, root, root, root, shipmentDetail, consigneeAddress]
[{}, {}, {consigneeAddress={zip=450000, city=Satna, ELSElength=10, countryCode=BRZ, name=Sohan, countryName=Brazil}}, {}]
[root, root, root, root, root, root, root, root, shipmentDetail, consigneeAddress, contactPhone]
[{}, {}, {consigneeAddress={zip=450000, city=Satna, ELSElength=10, countryCode=BRZ, name=Sohan, countryName=Brazil}}, {contactPhone=946484686}]
[root, root, root, root, root, root, root, root, shipmentDetail, consigneeAddress, contactPhone]
[{}, {}, {consigneeAddress={zip=450000, city=Satna, ELSElength=10, countryCode=BRZ, name=Sohan, countryName=Brazil, contactPhone=946484686}}]
[root, root, root, root, root, root, root, root, shipmentDetail, consigneeAddress]
[{}, {shipmentDetail={consigneeAddress={zip=450000, city=Satna, ELSElength=10, countryCode=BRZ, name=Sohan, countryName=Brazil, contactPhone=946484686}}}]
[root, root, root, root, root, root, root, root, shipmentDetail]
[{}, {shipmentDetail={consigneeAddress={zip=450000, city=Satna, ELSElength=10, countryCode=BRZ, name=Sohan, countryName=Brazil, contactPhone=946484686}}}, {}]
[root, root, root, root, root, root, root, root, shipmentDetail, shipmentPackageInfo]
[{}, {shipmentDetail={consigneeAddress={zip=450000, city=Satna, ELSElength=10, countryCode=BRZ, name=Sohan, countryName=Brazil, contactPhone=946484686}}}, {}, {}]
[root, root, root, root, root, root, root, root, shipmentDetail, shipmentPackageInfo, cartonID]
[{}, {shipmentDetail={consigneeAddress={zip=450000, city=Satna, ELSElength=10, countryCode=BRZ, name=Sohan, countryName=Brazil, contactPhone=946484686}}}, {}, {}, {}]
[root, root, root, root, root, root, root, root, shipmentDetail, shipmentPackageInfo, cartonID, trackingID]
2020-06-13 01:45:27.183  INFO 11956 --- [           main] c.m.f.Aggregator.TagAggregator           : The method was not found
[{}, {shipmentDetail={consigneeAddress={zip=450000, city=Satna, ELSElength=10, countryCode=BRZ, name=Sohan, countryName=Brazil, contactPhone=946484686}}}, {}, {}, {trackingID=}]
[root, root, root, root, root, root, root, root, shipmentDetail, shipmentPackageInfo, cartonID, trackingID]
[{}, {shipmentDetail={consigneeAddress={zip=450000, city=Satna, ELSElength=10, countryCode=BRZ, name=Sohan, countryName=Brazil, contactPhone=946484686}}}, {}, {cartonID={trackingID=}}]
[root, root, root, root, root, root, root, root, shipmentDetail, shipmentPackageInfo, cartonID]
[{}, {shipmentDetail={consigneeAddress={zip=450000, city=Satna, ELSElength=10, countryCode=BRZ, name=Sohan, countryName=Brazil, contactPhone=946484686}}}, {shipmentPackageInfo={cartonID={trackingID=}}}]
[root, root, root, root, root, root, root, root, shipmentDetail, shipmentPackageInfo]
[{}, {shipmentDetail={consigneeAddress={zip=450000, city=Satna, ELSElength=10, countryCode=BRZ, name=Sohan, countryName=Brazil, contactPhone=946484686}}}, {shipmentPackageInfo={cartonID={trackingID=}}}, {}]
[root, root, root, root, root, root, root, root, shipmentDetail, shipmentPackageInfo, shipmentPackageDimensions]
[{}, {shipmentDetail={consigneeAddress={zip=450000, city=Satna, ELSElength=10, countryCode=BRZ, name=Sohan, countryName=Brazil, contactPhone=946484686}}}, {shipmentPackageInfo={cartonID={trackingID=}}}, {}, {}]
[root, root, root, root, root, root, root, root, shipmentDetail, shipmentPackageInfo, shipmentPackageDimensions, lengthValue]
[{}, {shipmentDetail={consigneeAddress={zip=450000, city=Satna, ELSElength=10, countryCode=BRZ, name=Sohan, countryName=Brazil, contactPhone=946484686}}}, {shipmentPackageInfo={cartonID={trackingID=}}}, {}, {lengthValue=10}]
[root, root, root, root, root, root, root, root, shipmentDetail, shipmentPackageInfo, shipmentPackageDimensions, lengthValue]
[{}, {shipmentDetail={consigneeAddress={zip=450000, city=Satna, ELSElength=10, countryCode=BRZ, name=Sohan, countryName=Brazil, contactPhone=946484686}}}, {shipmentPackageInfo={cartonID={trackingID=}}}, {shipmentPackageDimensions={lengthValue=10}}]
[root, root, root, root, root, root, root, root, shipmentDetail, shipmentPackageInfo, shipmentPackageDimensions]
[{}, {shipmentDetail={consigneeAddress={zip=450000, city=Satna, ELSElength=10, countryCode=BRZ, name=Sohan, countryName=Brazil, contactPhone=946484686}}}, {shipmentPackageInfo={cartonID={trackingID=}}}, {shipmentPackageDimensions={lengthValue=10}}, {}]
[root, root, root, root, root, root, root, root, shipmentDetail, shipmentPackageInfo, shipmentPackageDimensions, heightValue]
[{}, {shipmentDetail={consigneeAddress={zip=450000, city=Satna, ELSElength=10, countryCode=BRZ, name=Sohan, countryName=Brazil, contactPhone=946484686}}}, {shipmentPackageInfo={cartonID={trackingID=}}}, {shipmentPackageDimensions={lengthValue=10}}, {heightValue=10}]
[root, root, root, root, root, root, root, root, shipmentDetail, shipmentPackageInfo, shipmentPackageDimensions, heightValue]
[{}, {shipmentDetail={consigneeAddress={zip=450000, city=Satna, ELSElength=10, countryCode=BRZ, name=Sohan, countryName=Brazil, contactPhone=946484686}}}, {shipmentPackageInfo={cartonID={trackingID=}}}, {shipmentPackageDimensions={lengthValue=10, heightValue=10}}]
[root, root, root, root, root, root, root, root, shipmentDetail, shipmentPackageInfo, shipmentPackageDimensions]
[{}, {shipmentDetail={consigneeAddress={zip=450000, city=Satna, ELSElength=10, countryCode=BRZ, name=Sohan, countryName=Brazil, contactPhone=946484686}}}, {shipmentPackageInfo={shipmentPackageDimensions={lengthValue=10, heightValue=10}, cartonID={trackingID=}}}]
[root, root, root, root, root, root, root, root, shipmentDetail, shipmentPackageInfo]
[...]
	at java.util.stream.ReferencePipeline$Head.forEach(ReferencePipeline.java:580) ~[na:1.8.0_251]
	at org.junit.jupiter.engine.descriptor.ClassBasedTestDescriptor.invokeTestInstancePostProcessors(ClassBasedTestDescriptor.java:336) [junit-jupiter-engine-5.5.2.jar:5.5.2]
	at org.junit.jupiter.engine.descriptor.ClassBasedTestDescriptor.instantiateAndPostProcessTestInstance(ClassBasedTestDescriptor.java:259) [junit-jupiter-engine-5.5.2.jar:5.5.2]
	at org.junit.jupiter.engine.descriptor.ClassBasedTestDescriptor.lambda$testInstancesProvider$2(ClassBasedTestDescriptor.java:252) [junit-jupiter-engine-5.5.2.jar:5.5.2]
	at java.util.Optional.orElseGet(Optional.java:267) ~[na:1.8.0_251]
	at org.junit.jupiter.engine.descriptor.ClassBasedTestDescriptor.lambda$testInstancesProvider$3(ClassBasedTestDescriptor.java:251) [junit-jupiter-engine-5.5.2.jar:5.5.2]
	at org.junit.jupiter.engine.execution.TestInstancesProvider.getTestInstances(TestInstancesProvider.java:29) ~[junit-jupiter-engine-5.5.2.jar:5.5.2]
	at org.junit.jupiter.engine.descriptor.TestMethodTestDescriptor.lambda$prepare$0(TestMethodTestDescriptor.java:106) ~[junit-jupiter-engine-5.5.2.jar:5.5.2]
	at org.junit.platform.engine.support.hierarchical.ThrowableCollector.execute(ThrowableCollector.java:73) ~[junit-platform-engine-1.5.2.jar:1.5.2]
	at org.junit.jupiter.engine.descriptor.TestMethodTestDescriptor.prepare(TestMethodTestDescriptor.java:105) ~[junit-jupiter-engine-5.5.2.jar:5.5.2]
	at org.junit.jupiter.engine.descriptor.TestMethodTestDescriptor.prepare(TestMethodTestDescriptor.java:69) ~[junit-jupiter-engine-5.5.2.jar:5.5.2]
	at org.junit.platform.engine.support.hierarchical.NodeTestTask.lambda$prepare$1(NodeTestTask.java:107) ~[junit-platform-engine-1.5.2.jar:1.5.2]
	at org.junit.platform.engine.support.hierarchical.ThrowableCollector.execute(ThrowableCollector.java:73) ~[junit-platform-engine-1.5.2.jar:1.5.2]
	at org.junit.platform.engine.support.hierarchical.NodeTestTask.prepare(NodeTestTask.java:107) ~[junit-platform-engine-1.5.2.jar:1.5.2]
	at org.junit.platform.engine.support.hierarchical.NodeTestTask.execute(NodeTestTask.java:75) ~[junit-platform-engine-1.5.2.jar:1.5.2]
	at java.util.ArrayList.forEach(ArrayList.java:1257) ~[na:1.8.0_251]
	at org.junit.platform.engine.support.hierarchical.SameThreadHierarchicalTestExecutorService.invokeAll(SameThreadHierarchicalTestExecutorService.java:38) ~[junit-platform-engine-1.5.2.jar:1.5.2]
	at org.junit.platform.engine.support.hierarchical.NodeTestTask.lambda$executeRecursively$5(NodeTestTask.java:139) ~[junit-platform-engine-1.5.2.jar:1.5.2]
	at org.junit.platform.engine.support.hierarchical.ThrowableCollector.execute(ThrowableCollector.java:73) ~[junit-platform-engine-1.5.2.jar:1.5.2]
	at org.junit.platform.engine.support.hierarchical.NodeTestTask.lambda$executeRecursively$7(NodeTestTask.java:125) ~[junit-platform-engine-1.5.2.jar:1.5.2]
	at org.junit.platform.engine.support.hierarchical.Node.around(Node.java:135) ~[junit-platform-engine-1.5.2.jar:1.5.2]
	at org.junit.platform.engine.support.hierarchical.NodeTestTask.lambda$executeRecursively$8(NodeTestTask.java:123) ~[junit-platform-engine-1.5.2.jar:1.5.2]
	at org.junit.platform.engine.support.hierarchical.ThrowableCollector.execute(ThrowableCollector.java:73) ~[junit-platform-engine-1.5.2.jar:1.5.2]
	at org.junit.platform.engine.support.hierarchical.NodeTestTask.executeRecursively(NodeTestTask.java:122) ~[junit-platform-engine-1.5.2.jar:1.5.2]
	at org.junit.platform.engine.support.hierarchical.NodeTestTask.execute(NodeTestTask.java:80) ~[junit-platform-engine-1.5.2.jar:1.5.2]
	at java.util.ArrayList.forEach(ArrayList.java:1257) ~[na:1.8.0_251]
	at org.junit.platform.engine.support.hierarchical.SameThreadHierarchicalTestExecutorService.invokeAll(SameThreadHierarchicalTestExecutorService.java:38) ~[junit-platform-engine-1.5.2.jar:1.5.2]
	at org.junit.platform.engine.support.hierarchical.NodeTestTask.lambda$executeRecursively$5(NodeTestTask.java:139) ~[junit-platform-engine-1.5.2.jar:1.5.2]
	at org.junit.platform.engine.support.hierarchical.ThrowableCollector.execute(ThrowableCollector.java:73) ~[junit-platform-engine-1.5.2.jar:1.5.2]
	at org.junit.platform.engine.support.hierarchical.NodeTestTask.lambda$executeRecursively$7(NodeTestTask.java:125) ~[junit-platform-engine-1.5.2.jar:1.5.2]
	at org.junit.platform.engine.support.hierarchical.Node.around(Node.java:135) ~[junit-platform-engine-1.5.2.jar:1.5.2]
	at org.junit.platform.engine.support.hierarchical.NodeTestTask.lambda$executeRecursively$8(NodeTestTask.java:123) ~[junit-platform-engine-1.5.2.jar:1.5.2]
	at org.junit.platform.engine.support.hierarchical.ThrowableCollector.execute(ThrowableCollector.java:73) ~[junit-platform-engine-1.5.2.jar:1.5.2]
	at org.junit.platform.engine.support.hierarchical.NodeTestTask.executeRecursively(NodeTestTask.java:122) ~[junit-platform-engine-1.5.2.jar:1.5.2]
	at org.junit.platform.engine.support.hierarchical.NodeTestTask.execute(NodeTestTask.java:80) ~[junit-platform-engine-1.5.2.jar:1.5.2]
	at org.junit.platform.engine.support.hierarchical.SameThreadHierarchicalTestExecutorService.submit(SameThreadHierarchicalTestExecutorService.java:32) ~[junit-platform-engine-1.5.2.jar:1.5.2]
	at org.junit.platform.engine.support.hierarchical.HierarchicalTestExecutor.execute(HierarchicalTestExecutor.java:57) ~[junit-platform-engine-1.5.2.jar:1.5.2]
	at org.junit.platform.engine.support.hierarchical.HierarchicalTestEngine.execute(HierarchicalTestEngine.java:51) ~[junit-platform-engine-1.5.2.jar:1.5.2]
	at org.junit.platform.launcher.core.DefaultLauncher.execute(DefaultLauncher.java:220) ~[junit-platform-launcher-1.3.1.jar:1.3.1]
	at org.junit.platform.launcher.core.DefaultLauncher.lambda$execute$6(DefaultLauncher.java:188) ~[junit-platform-launcher-1.3.1.jar:1.3.1]
	at org.junit.platform.launcher.core.DefaultLauncher.withInterceptedStreams(DefaultLauncher.java:202) ~[junit-platform-launcher-1.3.1.jar:1.3.1]
	at org.junit.platform.launcher.core.DefaultLauncher.execute(DefaultLauncher.java:181) ~[junit-platform-launcher-1.3.1.jar:1.3.1]
	at org.junit.platform.launcher.core.DefaultLauncher.execute(DefaultLauncher.java:128) ~[junit-platform-launcher-1.3.1.jar:1.3.1]
	at org.apache.maven.surefire.junitplatform.JUnitPlatformProvider.invokeAllTests(JUnitPlatformProvider.java:150) ~[surefire-junit-platform-2.22.2.jar:2.22.2]
	at org.apache.maven.surefire.junitplatform.JUnitPlatformProvider.invoke(JUnitPlatformProvider.java:124) ~[surefire-junit-platform-2.22.2.jar:2.22.2]
	at org.apache.maven.surefire.booter.ForkedBooter.invokeProviderInSameClassLoader(ForkedBooter.java:384) ~[surefire-booter-2.22.2.jar:2.22.2]
	at org.apache.maven.surefire.booter.ForkedBooter.runSuitesInProcess(ForkedBooter.java:345) ~[surefire-booter-2.22.2.jar:2.22.2]
	at org.apache.maven.surefire.booter.ForkedBooter.execute(ForkedBooter.java:126) ~[surefire-booter-2.22.2.jar:2.22.2]
	at org.apache.maven.surefire.booter.ForkedBooter.main(ForkedBooter.java:418) ~[surefire-booter-2.22.2.jar:2.22.2]
Caused by: org.json.JSONException: A JSONObject text must begin with '{' at 1 [character 2 line 1]
	at org.json.JSONTokener.syntaxError(JSONTokener.java:507) ~[json-20200518.jar:na]
	at org.json.JSONObject.<init>(JSONObject.java:222) ~[json-20200518.jar:na]
	at org.json.JSONObject.<init>(JSONObject.java:406) ~[json-20200518.jar:na]
	at com.manifesting.fileConvertor.Aggregator.TagAggregator.aggregatePartFile(TagAggregator.java:87) ~[classes/:na]
	at com.manifesting.fileConvertor.Parser.Parser.run(Parser.java:36) ~[classes/:na]
	at org.springframework.boot.SpringApplication.callRunner(SpringApplication.java:784) ~[spring-boot-2.2.7.RELEASE.jar:2.2.7.RELEASE]
	... 70 common frames omitted

2020-06-13 01:45:27.283  INFO 11956 --- [           main] o.s.s.concurrent.ThreadPoolTaskExecutor  : Shutting down ExecutorService 'applicationTaskExecutor'
2020-06-13 01:45:27.286  INFO 11956 --- [           main] j.LocalContainerEntityManagerFactoryBean : Closing JPA EntityManagerFactory for persistence unit 'default'
2020-06-13 01:45:27.322  INFO 11956 --- [           main] com.zaxxer.hikari.HikariDataSource       : HikariPool-1 - Shutdown initiated...
2020-06-13 01:45:27.373  INFO 11956 --- [           main] com.zaxxer.hikari.HikariDataSource       : HikariPool-1 - Shutdown completed.
2020-06-13 01:45:27.380 ERROR 11956 --- [           main] o.s.test.context.TestContextManager      : Caught exception while allowing TestExecutionListener [org.springframework.test.context.web.ServletTestExecutionListener@6c1a5b54] to prepare test instance [com.manifesting.fileConvertor.FileConvertorApplicationTests@4e26564d]

java.lang.IllegalStateException: Failed to load ApplicationContext
	at org.springframework.test.context.cache.DefaultCacheAwareContextLoaderDelegate.loadContext(DefaultCacheAwareContextLoaderDelegate.java:132) ~[spring-test-5.2.6.RELEASE.jar:5.2.6.RELEASE]
	at org.springframework.test.context.support.DefaultTestContext.getApplicationContext(DefaultTestContext.java:123) ~[spring-test-5.2.6.RELEASE.jar:5.2.6.RELEASE]
	at org.springframework.test.context.web.ServletTestExecutionListener.setUpRequestContextIfNecessary(ServletTestExecutionListener.java:190) ~[spring-test-5.2.6.RELEASE.jar:5.2.6.RELEASE]
	at org.springframework.test.context.web.ServletTestExecutionListener.prepareTestInstance(ServletTestExecutionListener.java:132) ~[spring-test-5.2.6.RELEASE.jar:5.2.6.RELEASE]
	at org.springframework.test.context.TestContextManager.prepareTestInstance(TestContextManager.java:244) ~[spring-test-5.2.6.RELEASE.jar:5.2.6.RELEASE]
	at org.springframework.test.context.junit.jupiter.SpringExtension.postProcessTestInstance(SpringExtension.java:98) [spring-test-5.2.6.RELEASE.jar:5.2.6.RELEASE]
	at org.junit.jupiter.engine.descriptor.ClassBasedTestDescriptor.lambda$invokeTestInstancePostProcessors$5(ClassBasedTestDescriptor.java:337) [junit-jupiter-engine-5.5.2.jar:5.5.2]
	at org.junit.jupiter.engine.descriptor.ClassBasedTestDescriptor.executeAndMaskThrowable(ClassBasedTestDescriptor.java:342) [junit-jupiter-engine-5.5.2.jar:5.5.2]
	at org.junit.jupiter.engine.descriptor.ClassBasedTestDescriptor.lambda$invokeTestInstancePostProcessors$6(ClassBasedTestDescriptor.java:337) [junit-jupiter-engine-5.5.2.jar:5.5.2]
	at java.util.stream.ReferencePipeline$3$1.accept(ReferencePipeline.java:193) ~[na:1.8.0_251]
	at java.util.stream.ReferencePipeline$2$1.accept(ReferencePipeline.java:175) ~[na:1.8.0_251]
	at java.util.ArrayList$ArrayListSpliterator.forEachRemaining(ArrayList.java:1382) ~[na:1.8.0_251]
	at java.util.stream.AbstractPipeline.copyInto(AbstractPipeline.java:482) ~[na:1.8.0_251]
	at java.util.stream.AbstractPipeline.wrapAndCopyInto(AbstractPipeline.java:472) ~[na:1.8.0_251]
	at java.util.stream.StreamSpliterators$WrappingSpliterator.forEachRemaining(StreamSpliterators.java:312) ~[na:1.8.0_251]
	at java.util.stream.Streams$ConcatSpliterator.forEachRemaining(Streams.java:743) ~[na:1.8.0_251]
	at java.util.stream.Streams$ConcatSpliterator.forEachRemaining(Streams.java:742) ~[na:1.8.0_251]
	at java.util.stream.ReferencePipeline$Head.forEach(ReferencePipeline.java:580) ~[na:1.8.0_251]
	at org.junit.jupiter.engine.descriptor.ClassBasedTestDescriptor.invokeTestInstancePostProcessors(ClassBasedTestDescriptor.java:336) [junit-jupiter-engine-5.5.2.jar:5.5.2]
	at org.junit.jupiter.engine.descriptor.ClassBasedTestDescriptor.instantiateAndPostProcessTestInstance(ClassBasedTestDescriptor.java:259) [junit-jupiter-engine-5.5.2.jar:5.5.2]
	at org.junit.jupiter.engine.descriptor.ClassBasedTestDescriptor.lambda$testInstancesProvider$2(ClassBasedTestDescriptor.java:252) [junit-jupiter-engine-5.5.2.jar:5.5.2]
	at java.util.Optional.orElseGet(Optional.java:267) ~[na:1.8.0_251]
	at org.junit.jupiter.engine.descriptor.ClassBasedTestDescriptor.lambda$testInstancesProvider$3(ClassBasedTestDescriptor.java:251) [junit-jupiter-engine-5.5.2.jar:5.5.2]
	at org.junit.jupiter.engine.execution.TestInstancesProvider.getTestInstances(TestInstancesProvider.java:29) ~[junit-jupiter-engine-5.5.2.jar:5.5.2]
	at org.junit.jupiter.engine.descriptor.TestMethodTestDescriptor.lambda$prepare$0(TestMethodTestDescriptor.java:106) ~[junit-jupiter-engine-5.5.2.jar:5.5.2]
	at org.junit.platform.engine.support.hierarchical.ThrowableCollector.execute(ThrowableCollector.java:73) ~[junit-platform-engine-1.5.2.jar:1.5.2]
	at org.junit.jupiter.engine.descriptor.TestMethodTestDescriptor.prepare(TestMethodTestDescriptor.java:105) ~[junit-jupiter-engine-5.5.2.jar:5.5.2]
	at org.junit.jupiter.engine.descriptor.TestMethodTestDescriptor.prepare(TestMethodTestDescriptor.java:69) ~[junit-jupiter-engine-5.5.2.jar:5.5.2]
	at org.junit.platform.engine.support.hierarchical.NodeTestTask.lambda$prepare$1(NodeTestTask.java:107) ~[junit-platform-engine-1.5.2.jar:1.5.2]
	at org.junit.platform.engine.support.hierarchical.ThrowableCollector.execute(ThrowableCollector.java:73) ~[junit-platform-engine-1.5.2.jar:1.5.2]
	at org.junit.platform.engine.support.hierarchical.NodeTestTask.prepare(NodeTestTask.java:107) ~[junit-platform-engine-1.5.2.jar:1.5.2]
	at org.junit.platform.engine.support.hierarchical.NodeTestTask.execute(NodeTestTask.java:75) ~[junit-platform-engine-1.5.2.jar:1.5.2]
	at java.util.ArrayList.forEach(ArrayList.java:1257) ~[na:1.8.0_251]
	at org.junit.platform.engine.support.hierarchical.SameThreadHierarchicalTestExecutorService.invokeAll(SameThreadHierarchicalTestExecutorService.java:38) ~[junit-platform-engine-1.5.2.jar:1.5.2]
	at org.junit.platform.engine.support.hierarchical.NodeTestTask.lambda$executeRecursively$5(NodeTestTask.java:139) ~[junit-platform-engine-1.5.2.jar:1.5.2]
	at org.junit.platform.engine.support.hierarchical.ThrowableCollector.execute(ThrowableCollector.java:73) ~[junit-platform-engine-1.5.2.jar:1.5.2]
	at org.junit.platform.engine.support.hierarchical.NodeTestTask.lambda$executeRecursively$7(NodeTestTask.java:125) ~[junit-platform-engine-1.5.2.jar:1.5.2]
	at org.junit.platform.engine.support.hierarchical.Node.around(Node.java:135) ~[junit-platform-engine-1.5.2.jar:1.5.2]
	at org.junit.platform.engine.support.hierarchical.NodeTestTask.lambda$executeRecursively$8(NodeTestTask.java:123) ~[junit-platform-engine-1.5.2.jar:1.5.2]
	at org.junit.platform.engine.support.hierarchical.ThrowableCollector.execute(ThrowableCollector.java:73) ~[junit-platform-engine-1.5.2.jar:1.5.2]
	at org.junit.platform.engine.support.hierarchical.NodeTestTask.executeRecursively(NodeTestTask.java:122) ~[junit-platform-engine-1.5.2.jar:1.5.2]
	at org.junit.platform.engine.support.hierarchical.NodeTestTask.execute(NodeTestTask.java:80) ~[junit-platform-engine-1.5.2.jar:1.5.2]
	at java.util.ArrayList.forEach(ArrayList.java:1257) ~[na:1.8.0_251]
	at org.junit.platform.engine.support.hierarchical.SameThreadHierarchicalTestExecutorService.invokeAll(SameThreadHierarchicalTestExecutorService.java:38) ~[junit-platform-engine-1.5.2.jar:1.5.2]
	at org.junit.platform.engine.support.hierarchical.NodeTestTask.lambda$executeRecursively$5(NodeTestTask.java:139) ~[junit-platform-engine-1.5.2.jar:1.5.2]
	at org.junit.platform.engine.support.hierarchical.ThrowableCollector.execute(ThrowableCollector.java:73) ~[junit-platform-engine-1.5.2.jar:1.5.2]
	at org.junit.platform.engine.support.hierarchical.NodeTestTask.lambda$executeRecursively$7(NodeTestTask.java:125) ~[junit-platform-engine-1.5.2.jar:1.5.2]
	at org.junit.platform.engine.support.hierarchical.Node.around(Node.java:135) ~[junit-platform-engine-1.5.2.jar:1.5.2]
	at org.junit.platform.engine.support.hierarchical.NodeTestTask.lambda$executeRecursively$8(NodeTestTask.java:123) ~[junit-platform-engine-1.5.2.jar:1.5.2]
	at org.junit.platform.engine.support.hierarchical.ThrowableCollector.execute(ThrowableCollector.java:73) ~[junit-platform-engine-1.5.2.jar:1.5.2]
	at org.junit.platform.engine.support.hierarchical.NodeTestTask.executeRecursively(NodeTestTask.java:122) ~[junit-platform-engine-1.5.2.jar:1.5.2]
	at org.junit.platform.engine.support.hierarchical.NodeTestTask.execute(NodeTestTask.java:80) ~[junit-platform-engine-1.5.2.jar:1.5.2]
	at org.junit.platform.engine.support.hierarchical.SameThreadHierarchicalTestExecutorService.submit(SameThreadHierarchicalTestExecutorService.java:32) ~[junit-platform-engine-1.5.2.jar:1.5.2]
	at org.junit.platform.engine.support.hierarchical.HierarchicalTestExecutor.execute(HierarchicalTestExecutor.java:57) ~[junit-platform-engine-1.5.2.jar:1.5.2]
	at org.junit.platform.engine.support.hierarchical.HierarchicalTestEngine.execute(HierarchicalTestEngine.java:51) ~[junit-platform-engine-1.5.2.jar:1.5.2]
	at org.junit.platform.launcher.core.DefaultLauncher.execute(DefaultLauncher.java:220) ~[junit-platform-launcher-1.3.1.jar:1.3.1]
	at org.junit.platform.launcher.core.DefaultLauncher.lambda$execute$6(DefaultLauncher.java:188) ~[junit-platform-launcher-1.3.1.jar:1.3.1]
	at org.junit.platform.launcher.core.DefaultLauncher.withInterceptedStreams(DefaultLauncher.java:202) ~[junit-platform-launcher-1.3.1.jar:1.3.1]
	at org.junit.platform.launcher.core.DefaultLauncher.execute(DefaultLauncher.java:181) ~[junit-platform-launcher-1.3.1.jar:1.3.1]
	at org.junit.platform.launcher.core.DefaultLauncher.execute(DefaultLauncher.java:128) ~[junit-platform-launcher-1.3.1.jar:1.3.1]
	at org.apache.maven.surefire.junitplatform.JUnitPlatformProvider.invokeAllTests(JUnitPlatformProvider.java:150) ~[surefire-junit-platform-2.22.2.jar:2.22.2]
	at org.apache.maven.surefire.junitplatform.JUnitPlatformProvider.invoke(JUnitPlatformProvider.java:124) ~[surefire-junit-platform-2.22.2.jar:2.22.2]
	at org.apache.maven.surefire.booter.ForkedBooter.invokeProviderInSameClassLoader(ForkedBooter.java:384) ~[surefire-booter-2.22.2.jar:2.22.2]
	at org.apache.maven.surefire.booter.ForkedBooter.runSuitesInProcess(ForkedBooter.java:345) ~[surefire-booter-2.22.2.jar:2.22.2]
	at org.apache.maven.surefire.booter.ForkedBooter.execute(ForkedBooter.java:126) ~[surefire-booter-2.22.2.jar:2.22.2]
	at org.apache.maven.surefire.booter.ForkedBooter.main(ForkedBooter.java:418) ~[surefire-booter-2.22.2.jar:2.22.2]
Caused by: java.lang.IllegalStateException: Failed to execute CommandLineRunner
	at org.springframework.boot.SpringApplication.callRunner(SpringApplication.java:787) ~[spring-boot-2.2.7.RELEASE.jar:2.2.7.RELEASE]
	at org.springframework.boot.SpringApplication.callRunners(SpringApplication.java:768) ~[spring-boot-2.2.7.RELEASE.jar:2.2.7.RELEASE]
	at org.springframework.boot.SpringApplication.run(SpringApplication.java:322) ~[spring-boot-2.2.7.RELEASE.jar:2.2.7.RELEASE]
	at org.springframework.boot.test.context.SpringBootContextLoader.loadContext(SpringBootContextLoader.java:124) ~[spring-boot-test-2.2.7.RELEASE.jar:2.2.7.RELEASE]
	at org.springframework.test.context.cache.DefaultCacheAwareContextLoaderDelegate.loadContextInternal(DefaultCacheAwareContextLoaderDelegate.java:99) ~[spring-test-5.2.6.RELEASE.jar:5.2.6.RELEASE]
	at org.springframework.test.context.cache.DefaultCacheAwareContextLoaderDelegate.loadContext(DefaultCacheAwareContextLoaderDelegate.java:124) ~[spring-test-5.2.6.RELEASE.jar:5.2.6.RELEASE]
	... 65 common frames omitted
Caused by: org.json.JSONException: A JSONObject text must begin with '{' at 1 [character 2 line 1]
	at org.json.JSONTokener.syntaxError(JSONTokener.java:507) ~[json-20200518.jar:na]
	at org.json.JSONObject.<init>(JSONObject.java:222) ~[json-20200518.jar:na]
	at org.json.JSONObject.<init>(JSONObject.java:406) ~[json-20200518.jar:na]
	at com.manifesting.fileConvertor.Aggregator.TagAggregator.aggregatePartFile(TagAggregator.java:87) ~[classes/:na]
	at com.manifesting.fileConvertor.Parser.Parser.run(Parser.java:36) ~[classes/:na]
	at org.springframework.boot.SpringApplication.callRunner(SpringApplication.java:784) ~[spring-boot-2.2.7.RELEASE.jar:2.2.7.RELEASE]
	... 70 common frames omitted

]]></system-out>
  </testcase>
</testsuite>